{"/Users/burcugorgulicten/Desktop/project_team213/src/controller/IInsightFacade.js":{"path":"/Users/burcugorgulicten/Desktop/project_team213/src/controller/IInsightFacade.js","statementMap":{"0":{"start":{"line":2,"column":0},"end":{"line":2,"column":62}},"1":{"start":{"line":4,"column":0},"end":{"line":7,"column":89}},"2":{"start":{"line":5,"column":4},"end":{"line":5,"column":46}},"3":{"start":{"line":6,"column":4},"end":{"line":6,"column":42}},"4":{"start":{"line":10,"column":8},"end":{"line":10,"column":23}},"5":{"start":{"line":11,"column":8},"end":{"line":11,"column":52}},"6":{"start":{"line":14,"column":0},"end":{"line":14,"column":36}},"7":{"start":{"line":17,"column":8},"end":{"line":17,"column":23}},"8":{"start":{"line":18,"column":8},"end":{"line":18,"column":53}},"9":{"start":{"line":21,"column":0},"end":{"line":21,"column":38}},"10":{"start":{"line":24,"column":8},"end":{"line":24,"column":23}},"11":{"start":{"line":25,"column":8},"end":{"line":25,"column":59}},"12":{"start":{"line":28,"column":0},"end":{"line":28,"column":50}}},"fnMap":{"0":{"name":"(anonymous_0)","decl":{"start":{"line":4,"column":1},"end":{"line":4,"column":2}},"loc":{"start":{"line":4,"column":31},"end":{"line":7,"column":1}},"line":4},"1":{"name":"(anonymous_1)","decl":{"start":{"line":9,"column":4},"end":{"line":9,"column":5}},"loc":{"start":{"line":9,"column":25},"end":{"line":12,"column":5}},"line":9},"2":{"name":"(anonymous_2)","decl":{"start":{"line":16,"column":4},"end":{"line":16,"column":5}},"loc":{"start":{"line":16,"column":25},"end":{"line":19,"column":5}},"line":16},"3":{"name":"(anonymous_3)","decl":{"start":{"line":23,"column":4},"end":{"line":23,"column":5}},"loc":{"start":{"line":23,"column":25},"end":{"line":26,"column":5}},"line":23}},"branchMap":{"0":{"loc":{"start":{"line":7,"column":24},"end":{"line":7,"column":87}},"type":"binary-expr","locations":[{"start":{"line":7,"column":24},"end":{"line":7,"column":50}},{"start":{"line":7,"column":55},"end":{"line":7,"column":86}}],"line":7}},"s":{"0":1,"1":1,"2":1,"3":1,"4":0,"5":0,"6":1,"7":0,"8":0,"9":1,"10":0,"11":0,"12":1},"f":{"0":1,"1":0,"2":0,"3":0},"b":{"0":[1,1]},"inputSourceMap":{"version":3,"file":"IInsightFacade.js","sourceRoot":"","sources":["IInsightFacade.ts"],"names":[],"mappings":";;AAMA,IAAY,kBAGX;AAHD,WAAY,kBAAkB;IAC1B,yCAAmB,CAAA;IACnB,qCAAe,CAAA;AACnB,CAAC,EAHW,kBAAkB,GAAlB,0BAAkB,KAAlB,0BAAkB,QAG7B;AAQD,MAAa,YAAa,SAAQ,KAAK;IACnC,YAAY,GAAG,IAAW;QACtB,KAAK,CAAC,GAAG,IAAI,CAAC,CAAC;QACf,KAAK,CAAC,iBAAiB,CAAC,IAAI,EAAE,YAAY,CAAC,CAAC;IAChD,CAAC;CACJ;AALD,oCAKC;AAED,MAAa,aAAc,SAAQ,KAAK;IACpC,YAAY,GAAG,IAAW;QACtB,KAAK,CAAC,GAAG,IAAI,CAAC,CAAC;QACf,KAAK,CAAC,iBAAiB,CAAC,IAAI,EAAE,aAAa,CAAC,CAAC;IACjD,CAAC;CACJ;AALD,sCAKC;AAED,MAAa,mBAAoB,SAAQ,KAAK;IAC1C,YAAY,GAAG,IAAW;QACtB,KAAK,CAAC,GAAG,IAAI,CAAC,CAAC;QACf,KAAK,CAAC,iBAAiB,CAAC,IAAI,EAAE,mBAAmB,CAAC,CAAC;IACvD,CAAC;CACJ;AALD,kDAKC"},"_coverageSchema":"1a1c01bbd47fc00a2c39e90264f33305004495a9","hash":"00b0f540cd06fb76b70df2d8c5ea474becce21d4","contentHash":"892288279c7995056e9e906900f0f0fe2f90d71ab1508de0f08f9435c731d4b3"},"/Users/burcugorgulicten/Desktop/project_team213/src/controller/InsightFacade.js":{"path":"/Users/burcugorgulicten/Desktop/project_team213/src/controller/InsightFacade.js","statementMap":{"0":{"start":{"line":2,"column":0},"end":{"line":2,"column":62}},"1":{"start":{"line":3,"column":25},"end":{"line":3,"column":52}},"2":{"start":{"line":4,"column":11},"end":{"line":4,"column":24}},"3":{"start":{"line":5,"column":16},"end":{"line":5,"column":34}},"4":{"start":{"line":6,"column":17},"end":{"line":6,"column":36}},"5":{"start":{"line":7,"column":15},"end":{"line":7,"column":32}},"6":{"start":{"line":10,"column":8},"end":{"line":10,"column":33}},"7":{"start":{"line":11,"column":8},"end":{"line":11,"column":31}},"8":{"start":{"line":12,"column":22},"end":{"line":12,"column":46}},"9":{"start":{"line":13,"column":8},"end":{"line":23,"column":11}},"10":{"start":{"line":14,"column":12},"end":{"line":22,"column":13}},"11":{"start":{"line":15,"column":30},"end":{"line":15,"column":62}},"12":{"start":{"line":16,"column":16},"end":{"line":21,"column":19}},"13":{"start":{"line":17,"column":34},"end":{"line":17,"column":89}},"14":{"start":{"line":18,"column":34},"end":{"line":18,"column":104}},"15":{"start":{"line":19,"column":20},"end":{"line":19,"column":63}},"16":{"start":{"line":20,"column":20},"end":{"line":20,"column":52}},"17":{"start":{"line":26,"column":8},"end":{"line":28,"column":9}},"18":{"start":{"line":27,"column":12},"end":{"line":27,"column":25}},"19":{"start":{"line":29,"column":8},"end":{"line":29,"column":20}},"20":{"start":{"line":32,"column":27},"end":{"line":32,"column":30}},"21":{"start":{"line":33,"column":27},"end":{"line":33,"column":35}},"22":{"start":{"line":34,"column":33},"end":{"line":34,"column":41}},"23":{"start":{"line":35,"column":8},"end":{"line":37,"column":9}},"24":{"start":{"line":36,"column":12},"end":{"line":36,"column":66}},"25":{"start":{"line":38,"column":8},"end":{"line":40,"column":9}},"26":{"start":{"line":39,"column":12},"end":{"line":39,"column":78}},"27":{"start":{"line":41,"column":8},"end":{"line":43,"column":9}},"28":{"start":{"line":42,"column":12},"end":{"line":42,"column":85}},"29":{"start":{"line":44,"column":8},"end":{"line":44,"column":20}},"30":{"start":{"line":47,"column":8},"end":{"line":48,"column":51}},"31":{"start":{"line":51,"column":8},"end":{"line":51,"column":40}},"32":{"start":{"line":52,"column":8},"end":{"line":52,"column":34}},"33":{"start":{"line":53,"column":8},"end":{"line":55,"column":9}},"34":{"start":{"line":54,"column":12},"end":{"line":54,"column":41}},"35":{"start":{"line":56,"column":8},"end":{"line":56,"column":21}},"36":{"start":{"line":59,"column":8},"end":{"line":59,"column":39}},"37":{"start":{"line":60,"column":8},"end":{"line":60,"column":37}},"38":{"start":{"line":61,"column":8},"end":{"line":63,"column":9}},"39":{"start":{"line":62,"column":12},"end":{"line":62,"column":43}},"40":{"start":{"line":64,"column":8},"end":{"line":64,"column":22}},"41":{"start":{"line":67,"column":21},"end":{"line":67,"column":50}},"42":{"start":{"line":68,"column":8},"end":{"line":82,"column":11}},"43":{"start":{"line":70,"column":12},"end":{"line":73,"column":13}},"44":{"start":{"line":71,"column":16},"end":{"line":71,"column":116}},"45":{"start":{"line":72,"column":16},"end":{"line":72,"column":23}},"46":{"start":{"line":74,"column":12},"end":{"line":74,"column":60}},"47":{"start":{"line":75,"column":12},"end":{"line":77,"column":15}},"48":{"start":{"line":76,"column":16},"end":{"line":76,"column":46}},"49":{"start":{"line":80,"column":12},"end":{"line":80,"column":24}},"50":{"start":{"line":81,"column":12},"end":{"line":81,"column":19}},"51":{"start":{"line":85,"column":20},"end":{"line":85,"column":45}},"52":{"start":{"line":86,"column":8},"end":{"line":100,"column":11}},"53":{"start":{"line":88,"column":12},"end":{"line":91,"column":13}},"54":{"start":{"line":89,"column":16},"end":{"line":89,"column":116}},"55":{"start":{"line":90,"column":16},"end":{"line":90,"column":23}},"56":{"start":{"line":92,"column":12},"end":{"line":92,"column":58}},"57":{"start":{"line":93,"column":12},"end":{"line":95,"column":15}},"58":{"start":{"line":94,"column":16},"end":{"line":94,"column":46}},"59":{"start":{"line":98,"column":12},"end":{"line":98,"column":24}},"60":{"start":{"line":99,"column":12},"end":{"line":99,"column":19}},"61":{"start":{"line":103,"column":8},"end":{"line":125,"column":11}},"62":{"start":{"line":104,"column":12},"end":{"line":124,"column":13}},"63":{"start":{"line":105,"column":16},"end":{"line":119,"column":17}},"64":{"start":{"line":106,"column":20},"end":{"line":109,"column":21}},"65":{"start":{"line":107,"column":24},"end":{"line":107,"column":101}},"66":{"start":{"line":108,"column":24},"end":{"line":108,"column":31}},"67":{"start":{"line":110,"column":20},"end":{"line":118,"column":21}},"68":{"start":{"line":111,"column":24},"end":{"line":111,"column":82}},"69":{"start":{"line":113,"column":25},"end":{"line":118,"column":21}},"70":{"start":{"line":114,"column":24},"end":{"line":114,"column":80}},"71":{"start":{"line":117,"column":24},"end":{"line":117,"column":93}},"72":{"start":{"line":122,"column":16},"end":{"line":122,"column":26}},"73":{"start":{"line":123,"column":16},"end":{"line":123,"column":23}},"74":{"start":{"line":128,"column":8},"end":{"line":157,"column":11}},"75":{"start":{"line":129,"column":12},"end":{"line":156,"column":13}},"76":{"start":{"line":130,"column":16},"end":{"line":151,"column":17}},"77":{"start":{"line":131,"column":20},"end":{"line":134,"column":21}},"78":{"start":{"line":132,"column":24},"end":{"line":132,"column":109}},"79":{"start":{"line":133,"column":24},"end":{"line":133,"column":31}},"80":{"start":{"line":135,"column":33},"end":{"line":135,"column":42}},"81":{"start":{"line":136,"column":31},"end":{"line":136,"column":51}},"82":{"start":{"line":137,"column":20},"end":{"line":150,"column":23}},"83":{"start":{"line":138,"column":38},"end":{"line":138,"column":77}},"84":{"start":{"line":139,"column":24},"end":{"line":149,"column":27}},"85":{"start":{"line":140,"column":28},"end":{"line":148,"column":29}},"86":{"start":{"line":141,"column":32},"end":{"line":146,"column":33}},"87":{"start":{"line":142,"column":36},"end":{"line":142,"column":58}},"88":{"start":{"line":145,"column":36},"end":{"line":145,"column":60}},"89":{"start":{"line":147,"column":32},"end":{"line":147,"column":51}},"90":{"start":{"line":154,"column":16},"end":{"line":154,"column":26}},"91":{"start":{"line":155,"column":16},"end":{"line":155,"column":23}},"92":{"start":{"line":160,"column":8},"end":{"line":166,"column":9}},"93":{"start":{"line":161,"column":25},"end":{"line":161,"column":44}},"94":{"start":{"line":162,"column":12},"end":{"line":162,"column":77}},"95":{"start":{"line":165,"column":12},"end":{"line":165,"column":74}},"96":{"start":{"line":169,"column":8},"end":{"line":178,"column":11}},"97":{"start":{"line":170,"column":34},"end":{"line":170,"column":45}},"98":{"start":{"line":171,"column":12},"end":{"line":173,"column":15}},"99":{"start":{"line":172,"column":16},"end":{"line":172,"column":60}},"100":{"start":{"line":174,"column":12},"end":{"line":176,"column":15}},"101":{"start":{"line":175,"column":16},"end":{"line":175,"column":62}},"102":{"start":{"line":177,"column":12},"end":{"line":177,"column":37}},"103":{"start":{"line":181,"column":0},"end":{"line":181,"column":32}}},"fnMap":{"0":{"name":"(anonymous_0)","decl":{"start":{"line":9,"column":4},"end":{"line":9,"column":5}},"loc":{"start":{"line":9,"column":18},"end":{"line":24,"column":5}},"line":9},"1":{"name":"(anonymous_1)","decl":{"start":{"line":13,"column":22},"end":{"line":13,"column":23}},"loc":{"start":{"line":13,"column":32},"end":{"line":23,"column":9}},"line":13},"2":{"name":"(anonymous_2)","decl":{"start":{"line":16,"column":30},"end":{"line":16,"column":31}},"loc":{"start":{"line":16,"column":40},"end":{"line":21,"column":17}},"line":16},"3":{"name":"(anonymous_3)","decl":{"start":{"line":25,"column":4},"end":{"line":25,"column":5}},"loc":{"start":{"line":25,"column":20},"end":{"line":30,"column":5}},"line":25},"4":{"name":"(anonymous_4)","decl":{"start":{"line":31,"column":4},"end":{"line":31,"column":5}},"loc":{"start":{"line":31,"column":16},"end":{"line":45,"column":5}},"line":31},"5":{"name":"(anonymous_5)","decl":{"start":{"line":46,"column":4},"end":{"line":46,"column":5}},"loc":{"start":{"line":46,"column":13},"end":{"line":49,"column":5}},"line":46},"6":{"name":"(anonymous_6)","decl":{"start":{"line":50,"column":4},"end":{"line":50,"column":5}},"loc":{"start":{"line":50,"column":37},"end":{"line":57,"column":5}},"line":50},"7":{"name":"(anonymous_7)","decl":{"start":{"line":58,"column":4},"end":{"line":58,"column":5}},"loc":{"start":{"line":58,"column":38},"end":{"line":65,"column":5}},"line":58},"8":{"name":"(anonymous_8)","decl":{"start":{"line":66,"column":4},"end":{"line":66,"column":5}},"loc":{"start":{"line":66,"column":50},"end":{"line":83,"column":5}},"line":66},"9":{"name":"(anonymous_9)","decl":{"start":{"line":69,"column":18},"end":{"line":69,"column":19}},"loc":{"start":{"line":69,"column":32},"end":{"line":78,"column":9}},"line":69},"10":{"name":"(anonymous_10)","decl":{"start":{"line":75,"column":75},"end":{"line":75,"column":76}},"loc":{"start":{"line":75,"column":81},"end":{"line":77,"column":13}},"line":75},"11":{"name":"(anonymous_11)","decl":{"start":{"line":79,"column":19},"end":{"line":79,"column":20}},"loc":{"start":{"line":79,"column":28},"end":{"line":82,"column":9}},"line":79},"12":{"name":"(anonymous_12)","decl":{"start":{"line":84,"column":4},"end":{"line":84,"column":5}},"loc":{"start":{"line":84,"column":48},"end":{"line":101,"column":5}},"line":84},"13":{"name":"(anonymous_13)","decl":{"start":{"line":87,"column":18},"end":{"line":87,"column":19}},"loc":{"start":{"line":87,"column":34},"end":{"line":96,"column":9}},"line":87},"14":{"name":"(anonymous_14)","decl":{"start":{"line":93,"column":75},"end":{"line":93,"column":76}},"loc":{"start":{"line":93,"column":81},"end":{"line":95,"column":13}},"line":93},"15":{"name":"(anonymous_15)","decl":{"start":{"line":97,"column":19},"end":{"line":97,"column":20}},"loc":{"start":{"line":97,"column":28},"end":{"line":100,"column":9}},"line":97},"16":{"name":"(anonymous_16)","decl":{"start":{"line":102,"column":4},"end":{"line":102,"column":5}},"loc":{"start":{"line":102,"column":34},"end":{"line":126,"column":5}},"line":102},"17":{"name":"(anonymous_17)","decl":{"start":{"line":103,"column":27},"end":{"line":103,"column":28}},"loc":{"start":{"line":103,"column":48},"end":{"line":125,"column":9}},"line":103},"18":{"name":"(anonymous_18)","decl":{"start":{"line":127,"column":4},"end":{"line":127,"column":5}},"loc":{"start":{"line":127,"column":22},"end":{"line":158,"column":5}},"line":127},"19":{"name":"(anonymous_19)","decl":{"start":{"line":128,"column":27},"end":{"line":128,"column":28}},"loc":{"start":{"line":128,"column":48},"end":{"line":157,"column":9}},"line":128},"20":{"name":"(anonymous_20)","decl":{"start":{"line":137,"column":33},"end":{"line":137,"column":34}},"loc":{"start":{"line":137,"column":42},"end":{"line":150,"column":21}},"line":137},"21":{"name":"(anonymous_21)","decl":{"start":{"line":139,"column":43},"end":{"line":139,"column":44}},"loc":{"start":{"line":139,"column":52},"end":{"line":149,"column":25}},"line":139},"22":{"name":"(anonymous_22)","decl":{"start":{"line":159,"column":4},"end":{"line":159,"column":5}},"loc":{"start":{"line":159,"column":24},"end":{"line":167,"column":5}},"line":159},"23":{"name":"(anonymous_23)","decl":{"start":{"line":168,"column":4},"end":{"line":168,"column":5}},"loc":{"start":{"line":168,"column":19},"end":{"line":179,"column":5}},"line":168},"24":{"name":"(anonymous_24)","decl":{"start":{"line":169,"column":27},"end":{"line":169,"column":28}},"loc":{"start":{"line":169,"column":48},"end":{"line":178,"column":9}},"line":169},"25":{"name":"(anonymous_25)","decl":{"start":{"line":171,"column":31},"end":{"line":171,"column":32}},"loc":{"start":{"line":171,"column":46},"end":{"line":173,"column":13}},"line":171},"26":{"name":"(anonymous_26)","decl":{"start":{"line":174,"column":33},"end":{"line":174,"column":34}},"loc":{"start":{"line":174,"column":50},"end":{"line":176,"column":13}},"line":174}},"branchMap":{"0":{"loc":{"start":{"line":14,"column":12},"end":{"line":22,"column":13}},"type":"if","locations":[{"start":{"line":14,"column":12},"end":{"line":22,"column":13}},{"start":{"line":14,"column":12},"end":{"line":22,"column":13}}],"line":14},"1":{"loc":{"start":{"line":26,"column":8},"end":{"line":28,"column":9}},"type":"if","locations":[{"start":{"line":26,"column":8},"end":{"line":28,"column":9}},{"start":{"line":26,"column":8},"end":{"line":28,"column":9}}],"line":26},"2":{"loc":{"start":{"line":26,"column":12},"end":{"line":26,"column":56}},"type":"binary-expr","locations":[{"start":{"line":26,"column":12},"end":{"line":26,"column":33}},{"start":{"line":26,"column":37},"end":{"line":26,"column":56}}],"line":26},"3":{"loc":{"start":{"line":35,"column":8},"end":{"line":37,"column":9}},"type":"if","locations":[{"start":{"line":35,"column":8},"end":{"line":37,"column":9}},{"start":{"line":35,"column":8},"end":{"line":37,"column":9}}],"line":35},"4":{"loc":{"start":{"line":38,"column":8},"end":{"line":40,"column":9}},"type":"if","locations":[{"start":{"line":38,"column":8},"end":{"line":40,"column":9}},{"start":{"line":38,"column":8},"end":{"line":40,"column":9}}],"line":38},"5":{"loc":{"start":{"line":41,"column":8},"end":{"line":43,"column":9}},"type":"if","locations":[{"start":{"line":41,"column":8},"end":{"line":43,"column":9}},{"start":{"line":41,"column":8},"end":{"line":43,"column":9}}],"line":41},"6":{"loc":{"start":{"line":53,"column":8},"end":{"line":55,"column":9}},"type":"if","locations":[{"start":{"line":53,"column":8},"end":{"line":55,"column":9}},{"start":{"line":53,"column":8},"end":{"line":55,"column":9}}],"line":53},"7":{"loc":{"start":{"line":61,"column":8},"end":{"line":63,"column":9}},"type":"if","locations":[{"start":{"line":61,"column":8},"end":{"line":63,"column":9}},{"start":{"line":61,"column":8},"end":{"line":63,"column":9}}],"line":61},"8":{"loc":{"start":{"line":70,"column":12},"end":{"line":73,"column":13}},"type":"if","locations":[{"start":{"line":70,"column":12},"end":{"line":73,"column":13}},{"start":{"line":70,"column":12},"end":{"line":73,"column":13}}],"line":70},"9":{"loc":{"start":{"line":88,"column":12},"end":{"line":91,"column":13}},"type":"if","locations":[{"start":{"line":88,"column":12},"end":{"line":91,"column":13}},{"start":{"line":88,"column":12},"end":{"line":91,"column":13}}],"line":88},"10":{"loc":{"start":{"line":105,"column":16},"end":{"line":119,"column":17}},"type":"if","locations":[{"start":{"line":105,"column":16},"end":{"line":119,"column":17}},{"start":{"line":105,"column":16},"end":{"line":119,"column":17}}],"line":105},"11":{"loc":{"start":{"line":106,"column":20},"end":{"line":109,"column":21}},"type":"if","locations":[{"start":{"line":106,"column":20},"end":{"line":109,"column":21}},{"start":{"line":106,"column":20},"end":{"line":109,"column":21}}],"line":106},"12":{"loc":{"start":{"line":110,"column":20},"end":{"line":118,"column":21}},"type":"if","locations":[{"start":{"line":110,"column":20},"end":{"line":118,"column":21}},{"start":{"line":110,"column":20},"end":{"line":118,"column":21}}],"line":110},"13":{"loc":{"start":{"line":113,"column":25},"end":{"line":118,"column":21}},"type":"if","locations":[{"start":{"line":113,"column":25},"end":{"line":118,"column":21}},{"start":{"line":113,"column":25},"end":{"line":118,"column":21}}],"line":113},"14":{"loc":{"start":{"line":130,"column":16},"end":{"line":151,"column":17}},"type":"if","locations":[{"start":{"line":130,"column":16},"end":{"line":151,"column":17}},{"start":{"line":130,"column":16},"end":{"line":151,"column":17}}],"line":130},"15":{"loc":{"start":{"line":131,"column":20},"end":{"line":134,"column":21}},"type":"if","locations":[{"start":{"line":131,"column":20},"end":{"line":134,"column":21}},{"start":{"line":131,"column":20},"end":{"line":134,"column":21}}],"line":131},"16":{"loc":{"start":{"line":140,"column":28},"end":{"line":148,"column":29}},"type":"if","locations":[{"start":{"line":140,"column":28},"end":{"line":148,"column":29}},{"start":{"line":140,"column":28},"end":{"line":148,"column":29}}],"line":140},"17":{"loc":{"start":{"line":141,"column":32},"end":{"line":146,"column":33}},"type":"if","locations":[{"start":{"line":141,"column":32},"end":{"line":146,"column":33}},{"start":{"line":141,"column":32},"end":{"line":146,"column":33}}],"line":141}},"s":{"0":1,"1":1,"2":1,"3":1,"4":1,"5":1,"6":0,"7":0,"8":0,"9":0,"10":0,"11":0,"12":0,"13":0,"14":0,"15":0,"16":0,"17":0,"18":0,"19":0,"20":0,"21":0,"22":0,"23":0,"24":0,"25":0,"26":0,"27":0,"28":0,"29":0,"30":0,"31":0,"32":0,"33":0,"34":0,"35":0,"36":0,"37":0,"38":0,"39":0,"40":0,"41":0,"42":0,"43":0,"44":0,"45":0,"46":0,"47":0,"48":0,"49":0,"50":0,"51":0,"52":0,"53":0,"54":0,"55":0,"56":0,"57":0,"58":0,"59":0,"60":0,"61":0,"62":0,"63":0,"64":0,"65":0,"66":0,"67":0,"68":0,"69":0,"70":0,"71":0,"72":0,"73":0,"74":0,"75":0,"76":0,"77":0,"78":0,"79":0,"80":0,"81":0,"82":0,"83":0,"84":0,"85":0,"86":0,"87":0,"88":0,"89":0,"90":0,"91":0,"92":0,"93":0,"94":0,"95":0,"96":0,"97":0,"98":0,"99":0,"100":0,"101":0,"102":0,"103":1},"f":{"0":0,"1":0,"2":0,"3":0,"4":0,"5":0,"6":0,"7":0,"8":0,"9":0,"10":0,"11":0,"12":0,"13":0,"14":0,"15":0,"16":0,"17":0,"18":0,"19":0,"20":0,"21":0,"22":0,"23":0,"24":0,"25":0,"26":0},"b":{"0":[0,0],"1":[0,0],"2":[0,0],"3":[0,0],"4":[0,0],"5":[0,0],"6":[0,0],"7":[0,0],"8":[0,0],"9":[0,0],"10":[0,0],"11":[0,0],"12":[0,0],"13":[0,0],"14":[0,0],"15":[0,0],"16":[0,0],"17":[0,0]},"inputSourceMap":{"version":3,"file":"InsightFacade.js","sourceRoot":"","sources":["InsightFacade.ts"],"names":[],"mappings":";;AAAA,qDAAiH;AACjH,yBAAyB;AACzB,mCAA8B;AAC9B,qCAAgC;AAGhC,iCAA4B;AAQ5B,MAAqB,aAAa;IAM9B;QACI,IAAI,CAAC,OAAO,GAAG,IAAI,GAAG,EAAkB,CAAC;QACzC,IAAI,CAAC,KAAK,GAAG,IAAI,GAAG,EAAgB,CAAC;QACrC,MAAM,KAAK,GAAG,EAAE,CAAC,WAAW,CAAC,QAAQ,CAAC,CAAC;QACvC,KAAK,CAAC,OAAO,CAAC,CAAC,IAAI,EAAE,EAAE;YACnB,IAAI,IAAI,KAAK,SAAS,EAAE;gBACpB,MAAM,KAAK,GAAG,EAAE,CAAC,WAAW,CAAC,gBAAgB,CAAC,CAAC;gBAC/C,KAAK,CAAC,OAAO,CAAC,CAAC,IAAI,EAAE,EAAE;oBACnB,IAAI,OAAO,GAAG,EAAE,CAAC,YAAY,CAAC,iBAAiB,CAAC,MAAM,CAAC,IAAI,CAAC,EAAE,MAAM,CAAC,CAAC;oBACtE,IAAI,OAAO,GAAG,IAAI,eAAM,CAAC,IAAI,EAAE,mCAAkB,CAAC,OAAO,CAAC,CAAC;oBAC3D,OAAO,CAAC,aAAa,CAAC,IAAI,CAAC,KAAK,CAAC,OAAO,CAAC,CAAC,CAAC;oBAC3C,IAAI,CAAC,OAAO,CAAC,GAAG,CAAC,IAAI,EAAE,OAAO,CAAC,CAAC;gBACpC,CAAC,CAAC,CAAC;aACN;QACL,CAAC,CAAC,CAAC;IACP,CAAC;IAEO,WAAW,CAAC,EAAU;QAC1B,IAAI,CAAC,IAAI,CAAC,OAAO,CAAC,GAAG,CAAC,EAAE,CAAC,IAAI,CAAC,IAAI,CAAC,KAAK,CAAC,GAAG,CAAC,EAAE,CAAC,EAAE;YAC9C,OAAO,KAAK,CAAC;SAChB;QACD,OAAO,IAAI,CAAC;IAChB,CAAC;IAEO,OAAO,CAAC,EAAU;QACtB,MAAM,UAAU,GAAW,GAAG,CAAC;QAC/B,MAAM,UAAU,GAAW,QAAQ,CAAC;QACpC,MAAM,gBAAgB,GAAW,QAAQ,CAAC;QAC1C,IAAI,EAAE,IAAI,IAAI,EAAE;YACZ,MAAM,IAAI,6BAAY,CAAC,YAAY,CAAC,CAAC;SACxC;QAED,IAAI,EAAE,CAAC,OAAO,CAAC,UAAU,CAAC,KAAK,CAAC,CAAC,EAAE;YAC/B,MAAM,IAAI,6BAAY,CAAC,wBAAwB,CAAC,CAAC;SACpD;QAED,IAAI,UAAU,CAAC,IAAI,CAAC,EAAE,CAAC,EAAE;YACrB,MAAM,IAAI,6BAAY,CAAC,+BAA+B,CAAC,CAAC;SAC3D;QACD,OAAO,IAAI,CAAC;IAChB,CAAC;IAEO,MAAM;QACV,OAAO,KAAK,CAAC,IAAI,CAAC,IAAI,CAAC,OAAO,CAAC,IAAI,EAAE,CAAC;aACjC,MAAM,CAAC,KAAK,CAAC,IAAI,CAAC,IAAI,CAAC,KAAK,CAAC,IAAI,EAAE,CAAC,CAAC,CAAC;IAC/C,CAAC;IAEO,SAAS,CAAE,KAAW,EAAE,UAAuB,EAAE,EAAU;QAC/D,KAAK,CAAC,aAAa,CAAC,UAAU,CAAC,CAAC;QAChC,IAAI,CAAC,KAAK,CAAC,GAAG,CAAC,EAAE,EAAE,KAAK,CAAC,CAAC;QAC1B,IAAI,CAAC,EAAE,CAAC,UAAU,CAAC,cAAc,CAAC,EAAE;YAChC,EAAE,CAAC,SAAS,CAAC,cAAc,CAAC,CAAC;SAChC;QACD,OAAO,KAAK,CAAC;IACjB,CAAC;IAEO,WAAW,CAAC,MAAc,EAAE,QAAyB,EAAE,EAAU;QACrE,MAAM,CAAC,aAAa,CAAC,QAAQ,CAAC,CAAC;QAC/B,IAAI,CAAC,OAAO,CAAC,GAAG,CAAC,EAAE,EAAE,MAAM,CAAC,CAAC;QAC7B,IAAI,CAAC,EAAE,CAAC,UAAU,CAAC,gBAAgB,CAAC,EAAE;YAClC,EAAE,CAAC,SAAS,CAAC,gBAAgB,CAAC,CAAC;SAClC;QACD,OAAO,MAAM,CAAC;IAClB,CAAC;IAEO,SAAS,CAAC,EAAU,EAAE,OAAe,EAAE,IAAwB,EAAE,OAAY,EAAE,MAAW;QAC9F,IAAI,MAAM,GAAW,IAAI,eAAM,CAAC,EAAE,EAAE,IAAI,CAAC,CAAC;QAC1C,MAAM,CAAC,YAAY,CAAC,OAAO,CAAC;aACvB,IAAI,CAAC,CAAC,QAAQ,EAAE,EAAE;YACf,IAAI,QAAQ,CAAC,MAAM,KAAK,CAAC,EAAE;gBACvB,MAAM,CAAC,IAAI,6BAAY,CAAC,wDAAwD,CAAC,CAAC,CAAC;gBACnF,OAAO;aACV;YACD,MAAM,GAAG,IAAI,CAAC,WAAW,CAAC,MAAM,EAAE,QAAQ,EAAE,EAAE,CAAC,CAAC;YAChD,EAAE,CAAC,SAAS,CAAC,kBAAkB,EAAE,EAAE,EAAE,IAAI,CAAC,SAAS,CAAC,QAAQ,CAAC,EAAE,GAAG,EAAE;gBAChE,OAAO,OAAO,CAAC,IAAI,CAAC,MAAM,EAAE,CAAC,CAAC;YAClC,CAAC,CAAC,CAAC;QACP,CAAC,CAAC;aACD,KAAK,CAAC,CAAC,GAAG,EAAE,EAAE;YACX,MAAM,CAAC,GAAG,CAAC,CAAC;YACZ,OAAO;QACX,CAAC,CAAC,CAAC;IACX,CAAC;IAEO,OAAO,CAAC,EAAU,EAAE,OAAe,EAAE,IAAwB,EAAE,OAAY,EAAE,MAAW;QAC5F,IAAI,KAAK,GAAS,IAAI,WAAI,CAAC,EAAE,EAAE,IAAI,CAAC,CAAC;QACrC,KAAK,CAAC,YAAY,CAAC,OAAO,CAAC;aACtB,IAAI,CAAC,CAAC,UAAU,EAAE,EAAE;YACjB,IAAI,UAAU,CAAC,MAAM,KAAK,CAAC,EAAE;gBACzB,MAAM,CAAC,IAAI,6BAAY,CAAC,wDAAwD,CAAC,CAAC,CAAC;gBACnF,OAAO;aACV;YACD,KAAK,GAAG,IAAI,CAAC,SAAS,CAAC,KAAK,EAAE,UAAU,EAAE,EAAE,CAAC,CAAC;YAC9C,EAAE,CAAC,SAAS,CAAC,gBAAgB,EAAE,EAAE,EAAE,IAAI,CAAC,SAAS,CAAC,UAAU,CAAC,EAAE,GAAG,EAAE;gBAChE,OAAO,OAAO,CAAC,IAAI,CAAC,MAAM,EAAE,CAAC,CAAC;YAClC,CAAC,CAAC,CAAC;QACP,CAAC,CAAC;aACD,KAAK,CAAC,CAAC,GAAG,EAAE,EAAE;YACX,MAAM,CAAC,GAAG,CAAC,CAAC;YACZ,OAAO;QACX,CAAC,CAAC,CAAC;IAEX,CAAC;IAEM,UAAU,CAAC,EAAU,EAAE,OAAe,EAAE,IAAwB;QACnE,OAAO,IAAI,OAAO,CAAW,CAAC,OAAO,EAAE,MAAM,EAAE,EAAE;YAC7C,IAAI;gBACA,IAAI,IAAI,CAAC,OAAO,CAAC,EAAE,CAAC,EAAE;oBAClB,IAAI,IAAI,CAAC,WAAW,CAAC,EAAE,CAAC,EAAE;wBACtB,MAAM,CAAC,IAAI,6BAAY,CAAC,iCAAiC,CAAC,CAAC,CAAC;wBAC5D,OAAO;qBACV;oBACD,IAAI,IAAI,KAAK,mCAAkB,CAAC,OAAO,EAAE;wBACrC,OAAO,IAAI,CAAC,SAAS,CAAC,EAAE,EAAE,OAAO,EAAE,IAAI,EAAE,OAAO,EAAE,MAAM,CAAC,CAAC;qBAC7D;yBAAM,IAAI,IAAI,KAAK,mCAAkB,CAAC,KAAK,EAAE;wBAC1C,OAAO,IAAI,CAAC,OAAO,CAAC,EAAE,EAAE,OAAO,EAAE,IAAI,EAAE,OAAO,EAAE,MAAM,CAAC,CAAC;qBAC3D;yBAAM;wBACH,MAAM,CAAC,IAAI,6BAAY,CAAC,yBAAyB,CAAC,CAAC,CAAC;qBACvD;iBACJ;aACJ;YAAC,OAAO,CAAC,EAAE;gBACR,MAAM,CAAC,CAAC,CAAC,CAAC;gBACV,OAAO;aACV;QACL,CAAC,CAAC,CAAC;IACP,CAAC;IAEM,aAAa,CAAC,EAAU;QAC3B,OAAO,IAAI,OAAO,CAAS,CAAC,OAAO,EAAE,MAAM,EAAE,EAAE;YAC3C,IAAI;gBACA,IAAI,IAAI,CAAC,OAAO,CAAC,EAAE,CAAC,EAAE;oBAClB,IAAI,CAAC,IAAI,CAAC,WAAW,CAAC,EAAE,CAAC,EAAE;wBACvB,MAAM,CAAC,IAAI,8BAAa,CAAC,wCAAwC,CAAC,CAAC,CAAC;wBACpE,OAAO;qBACV;oBACD,MAAM,IAAI,GAAG,SAAS,CAAC;oBACvB,IAAI,IAAI,GAAa,EAAE,CAAC,WAAW,CAAC,IAAI,CAAC,CAAC;oBAC1C,IAAI,CAAC,OAAO,CAAC,CAAC,GAAG,EAAE,EAAE;wBACjB,IAAI,OAAO,GAAG,IAAI,CAAC,MAAM,CAAC,GAAG,CAAC,CAAC,MAAM,CAAC,GAAG,CAAC,CAAC,MAAM,CAAC,EAAE,CAAC,CAAC;wBACtD,EAAE,CAAC,MAAM,CAAC,OAAO,EAAE,CAAC,GAAQ,EAAE,EAAE;4BAC5B,IAAI,CAAC,GAAG,EAAE;gCACN,IAAI,IAAI,CAAC,KAAK,CAAC,GAAG,CAAC,EAAE,CAAC,EAAE;oCACpB,IAAI,CAAC,KAAK,CAAC,MAAM,CAAC,EAAE,CAAC,CAAC;iCACzB;qCAAM;oCACH,IAAI,CAAC,OAAO,CAAC,MAAM,CAAC,EAAE,CAAC,CAAC;iCAC3B;gCACD,OAAO,OAAO,CAAC,EAAE,CAAC,CAAC;6BACtB;wBACL,CAAC,CAAC,CAAC;oBACP,CAAC,CAAC,CAAC;iBACN;aACJ;YAAC,OAAO,CAAC,EAAE;gBACR,MAAM,CAAC,CAAC,CAAC,CAAC;gBACV,OAAO;aACV;QACL,CAAC,CAAC,CAAC;IACP,CAAC;IAEM,YAAY,CAAC,KAAU;QACtB,IAAI;YACA,IAAI,MAAM,GAAG,IAAI,aAAK,EAAE,CAAC;YACzB,OAAO,OAAO,CAAC,OAAO,CAAC,MAAM,CAAC,YAAY,CAAC,IAAI,CAAC,OAAO,EAAE,KAAK,CAAC,CAAC,CAAC;SACpE;QAAC,OAAO,GAAG,EAAE;YACV,OAAO,OAAO,CAAC,MAAM,CAAC,IAAI,6BAAY,CAAC,GAAG,CAAC,CAAC,CAAC;SAChD;IACT,CAAC;IAGM,YAAY;QACf,OAAO,IAAI,OAAO,CAAmB,CAAC,OAAO,EAAE,MAAM,EAAE,EAAE;YACrD,IAAI,eAAe,GAAqB,IAAI,KAAK,EAAE,CAAC;YACpD,IAAI,CAAC,KAAK,CAAC,OAAO,CAAC,CAAC,IAAI,EAAE,GAAG,EAAE,EAAE;gBAC7B,eAAe,CAAC,IAAI,CAAC,IAAI,CAAC,cAAc,EAAE,CAAC,CAAC;YAChD,CAAC,CAAC,CAAC;YACH,IAAI,CAAC,OAAO,CAAC,OAAO,CAAC,CAAC,MAAM,EAAE,GAAG,EAAE,EAAE;gBACjC,eAAe,CAAC,IAAI,CAAC,MAAM,CAAC,cAAc,EAAE,CAAC,CAAC;YAClD,CAAC,CAAC,CAAC;YACH,OAAO,CAAC,eAAe,CAAC,CAAC;QAC7B,CAAC,CAAC,CAAC;IACP,CAAC;CAEJ;AA3LD,gCA2LC"},"_coverageSchema":"1a1c01bbd47fc00a2c39e90264f33305004495a9","hash":"064c86a6479b178757a4a4ab4ca5cfcf08a24992","contentHash":"f70e3ba3dee8565ffcbc3cb01dd32f1bb0c3ea0608c15ecca202888d4d54cb9c"},"/Users/burcugorgulicten/Desktop/project_team213/src/controller/Query.js":{"path":"/Users/burcugorgulicten/Desktop/project_team213/src/controller/Query.js","statementMap":{"0":{"start":{"line":2,"column":0},"end":{"line":2,"column":62}},"1":{"start":{"line":3,"column":25},"end":{"line":3,"column":52}},"2":{"start":{"line":4,"column":21},"end":{"line":4,"column":44}},"3":{"start":{"line":7,"column":8},"end":{"line":53,"column":9}},"4":{"start":{"line":8,"column":24},"end":{"line":8,"column":39}},"5":{"start":{"line":9,"column":21},"end":{"line":9,"column":51}},"6":{"start":{"line":10,"column":29},"end":{"line":10,"column":68}},"7":{"start":{"line":11,"column":12},"end":{"line":11,"column":33}},"8":{"start":{"line":13,"column":12},"end":{"line":23,"column":13}},"9":{"start":{"line":14,"column":16},"end":{"line":14,"column":64}},"10":{"start":{"line":16,"column":17},"end":{"line":23,"column":13}},"11":{"start":{"line":17,"column":16},"end":{"line":17,"column":88}},"12":{"start":{"line":20,"column":16},"end":{"line":22,"column":19}},"13":{"start":{"line":21,"column":20},"end":{"line":21,"column":60}},"14":{"start":{"line":24,"column":12},"end":{"line":26,"column":13}},"15":{"start":{"line":25,"column":16},"end":{"line":25,"column":106}},"16":{"start":{"line":27,"column":30},"end":{"line":27,"column":41}},"17":{"start":{"line":28,"column":12},"end":{"line":35,"column":15}},"18":{"start":{"line":29,"column":24},"end":{"line":29,"column":26}},"19":{"start":{"line":30,"column":16},"end":{"line":33,"column":19}},"20":{"start":{"line":32,"column":20},"end":{"line":32,"column":62}},"21":{"start":{"line":34,"column":16},"end":{"line":34,"column":36}},"22":{"start":{"line":36,"column":12},"end":{"line":48,"column":13}},"23":{"start":{"line":37,"column":16},"end":{"line":47,"column":19}},"24":{"start":{"line":38,"column":32},"end":{"line":38,"column":61}},"25":{"start":{"line":39,"column":32},"end":{"line":39,"column":61}},"26":{"start":{"line":40,"column":20},"end":{"line":42,"column":21}},"27":{"start":{"line":41,"column":24},"end":{"line":41,"column":33}},"28":{"start":{"line":43,"column":20},"end":{"line":45,"column":21}},"29":{"start":{"line":44,"column":24},"end":{"line":44,"column":34}},"30":{"start":{"line":46,"column":20},"end":{"line":46,"column":29}},"31":{"start":{"line":49,"column":12},"end":{"line":49,"column":48}},"32":{"start":{"line":52,"column":12},"end":{"line":52,"column":74}},"33":{"start":{"line":56,"column":25},"end":{"line":56,"column":34}},"34":{"start":{"line":57,"column":8},"end":{"line":66,"column":11}},"35":{"start":{"line":58,"column":12},"end":{"line":65,"column":13}},"36":{"start":{"line":59,"column":16},"end":{"line":64,"column":17}},"37":{"start":{"line":60,"column":20},"end":{"line":60,"column":60}},"38":{"start":{"line":63,"column":20},"end":{"line":63,"column":152}},"39":{"start":{"line":67,"column":8},"end":{"line":69,"column":9}},"40":{"start":{"line":68,"column":12},"end":{"line":68,"column":81}},"41":{"start":{"line":70,"column":8},"end":{"line":70,"column":41}},"42":{"start":{"line":73,"column":18},"end":{"line":73,"column":39}},"43":{"start":{"line":74,"column":8},"end":{"line":91,"column":9}},"44":{"start":{"line":76,"column":16},"end":{"line":76,"column":48}},"45":{"start":{"line":78,"column":16},"end":{"line":78,"column":47}},"46":{"start":{"line":80,"column":16},"end":{"line":80,"column":48}},"47":{"start":{"line":82,"column":16},"end":{"line":82,"column":53}},"48":{"start":{"line":84,"column":16},"end":{"line":84,"column":53}},"49":{"start":{"line":86,"column":16},"end":{"line":86,"column":53}},"50":{"start":{"line":88,"column":16},"end":{"line":88,"column":58}},"51":{"start":{"line":90,"column":16},"end":{"line":90,"column":71}},"52":{"start":{"line":94,"column":20},"end":{"line":94,"column":39}},"53":{"start":{"line":95,"column":8},"end":{"line":99,"column":9}},"54":{"start":{"line":96,"column":12},"end":{"line":98,"column":13}},"55":{"start":{"line":97,"column":16},"end":{"line":97,"column":29}},"56":{"start":{"line":100,"column":8},"end":{"line":100,"column":20}},"57":{"start":{"line":103,"column":20},"end":{"line":103,"column":39}},"58":{"start":{"line":104,"column":8},"end":{"line":108,"column":9}},"59":{"start":{"line":105,"column":12},"end":{"line":107,"column":13}},"60":{"start":{"line":106,"column":16},"end":{"line":106,"column":28}},"61":{"start":{"line":109,"column":8},"end":{"line":109,"column":21}},"62":{"start":{"line":112,"column":8},"end":{"line":112,"column":54}},"63":{"start":{"line":115,"column":23},"end":{"line":115,"column":44}},"64":{"start":{"line":116,"column":24},"end":{"line":116,"column":65}},"65":{"start":{"line":117,"column":21},"end":{"line":117,"column":66}},"66":{"start":{"line":118,"column":27},"end":{"line":118,"column":42}},"67":{"start":{"line":119,"column":8},"end":{"line":128,"column":9}},"68":{"start":{"line":121,"column":16},"end":{"line":121,"column":50}},"69":{"start":{"line":123,"column":16},"end":{"line":123,"column":48}},"70":{"start":{"line":125,"column":16},"end":{"line":125,"column":48}},"71":{"start":{"line":127,"column":16},"end":{"line":127,"column":84}},"72":{"start":{"line":131,"column":25},"end":{"line":131,"column":54}},"73":{"start":{"line":132,"column":25},"end":{"line":133,"column":26}},"74":{"start":{"line":134,"column":27},"end":{"line":134,"column":54}},"75":{"start":{"line":135,"column":8},"end":{"line":137,"column":9}},"76":{"start":{"line":136,"column":12},"end":{"line":136,"column":25}},"77":{"start":{"line":138,"column":8},"end":{"line":140,"column":9}},"78":{"start":{"line":139,"column":12},"end":{"line":139,"column":24}},"79":{"start":{"line":141,"column":8},"end":{"line":143,"column":9}},"80":{"start":{"line":142,"column":12},"end":{"line":142,"column":77}},"81":{"start":{"line":144,"column":8},"end":{"line":144,"column":84}},"82":{"start":{"line":147,"column":0},"end":{"line":147,"column":22}}},"fnMap":{"0":{"name":"(anonymous_0)","decl":{"start":{"line":6,"column":4},"end":{"line":6,"column":5}},"loc":{"start":{"line":6,"column":35},"end":{"line":54,"column":5}},"line":6},"1":{"name":"(anonymous_1)","decl":{"start":{"line":20,"column":71},"end":{"line":20,"column":72}},"loc":{"start":{"line":20,"column":84},"end":{"line":22,"column":17}},"line":20},"2":{"name":"(anonymous_2)","decl":{"start":{"line":28,"column":33},"end":{"line":28,"column":34}},"loc":{"start":{"line":28,"column":55},"end":{"line":35,"column":13}},"line":28},"3":{"name":"(anonymous_3)","decl":{"start":{"line":31,"column":29},"end":{"line":31,"column":30}},"loc":{"start":{"line":31,"column":38},"end":{"line":33,"column":17}},"line":31},"4":{"name":"(anonymous_4)","decl":{"start":{"line":37,"column":33},"end":{"line":37,"column":34}},"loc":{"start":{"line":37,"column":43},"end":{"line":47,"column":17}},"line":37},"5":{"name":"(anonymous_5)","decl":{"start":{"line":55,"column":4},"end":{"line":55,"column":5}},"loc":{"start":{"line":55,"column":30},"end":{"line":71,"column":5}},"line":55},"6":{"name":"(anonymous_6)","decl":{"start":{"line":57,"column":45},"end":{"line":57,"column":46}},"loc":{"start":{"line":57,"column":60},"end":{"line":66,"column":9}},"line":57},"7":{"name":"(anonymous_7)","decl":{"start":{"line":72,"column":4},"end":{"line":72,"column":5}},"loc":{"start":{"line":72,"column":32},"end":{"line":92,"column":5}},"line":72},"8":{"name":"(anonymous_8)","decl":{"start":{"line":93,"column":4},"end":{"line":93,"column":5}},"loc":{"start":{"line":93,"column":20},"end":{"line":101,"column":5}},"line":93},"9":{"name":"(anonymous_9)","decl":{"start":{"line":102,"column":4},"end":{"line":102,"column":5}},"loc":{"start":{"line":102,"column":19},"end":{"line":110,"column":5}},"line":102},"10":{"name":"(anonymous_10)","decl":{"start":{"line":111,"column":4},"end":{"line":111,"column":5}},"loc":{"start":{"line":111,"column":20},"end":{"line":113,"column":5}},"line":111},"11":{"name":"(anonymous_11)","decl":{"start":{"line":114,"column":4},"end":{"line":114,"column":5}},"loc":{"start":{"line":114,"column":29},"end":{"line":129,"column":5}},"line":114},"12":{"name":"(anonymous_12)","decl":{"start":{"line":130,"column":4},"end":{"line":130,"column":5}},"loc":{"start":{"line":130,"column":34},"end":{"line":145,"column":5}},"line":130}},"branchMap":{"0":{"loc":{"start":{"line":13,"column":12},"end":{"line":23,"column":13}},"type":"if","locations":[{"start":{"line":13,"column":12},"end":{"line":23,"column":13}},{"start":{"line":13,"column":12},"end":{"line":23,"column":13}}],"line":13},"1":{"loc":{"start":{"line":16,"column":17},"end":{"line":23,"column":13}},"type":"if","locations":[{"start":{"line":16,"column":17},"end":{"line":23,"column":13}},{"start":{"line":16,"column":17},"end":{"line":23,"column":13}}],"line":16},"2":{"loc":{"start":{"line":24,"column":12},"end":{"line":26,"column":13}},"type":"if","locations":[{"start":{"line":24,"column":12},"end":{"line":26,"column":13}},{"start":{"line":24,"column":12},"end":{"line":26,"column":13}}],"line":24},"3":{"loc":{"start":{"line":36,"column":12},"end":{"line":48,"column":13}},"type":"if","locations":[{"start":{"line":36,"column":12},"end":{"line":48,"column":13}},{"start":{"line":36,"column":12},"end":{"line":48,"column":13}}],"line":36},"4":{"loc":{"start":{"line":36,"column":16},"end":{"line":36,"column":91}},"type":"binary-expr","locations":[{"start":{"line":36,"column":16},"end":{"line":36,"column":47}},{"start":{"line":36,"column":51},"end":{"line":36,"column":91}}],"line":36},"5":{"loc":{"start":{"line":40,"column":20},"end":{"line":42,"column":21}},"type":"if","locations":[{"start":{"line":40,"column":20},"end":{"line":42,"column":21}},{"start":{"line":40,"column":20},"end":{"line":42,"column":21}}],"line":40},"6":{"loc":{"start":{"line":43,"column":20},"end":{"line":45,"column":21}},"type":"if","locations":[{"start":{"line":43,"column":20},"end":{"line":45,"column":21}},{"start":{"line":43,"column":20},"end":{"line":45,"column":21}}],"line":43},"7":{"loc":{"start":{"line":58,"column":12},"end":{"line":65,"column":13}},"type":"if","locations":[{"start":{"line":58,"column":12},"end":{"line":65,"column":13}},{"start":{"line":58,"column":12},"end":{"line":65,"column":13}}],"line":58},"8":{"loc":{"start":{"line":59,"column":16},"end":{"line":64,"column":17}},"type":"if","locations":[{"start":{"line":59,"column":16},"end":{"line":64,"column":17}},{"start":{"line":59,"column":16},"end":{"line":64,"column":17}}],"line":59},"9":{"loc":{"start":{"line":67,"column":8},"end":{"line":69,"column":9}},"type":"if","locations":[{"start":{"line":67,"column":8},"end":{"line":69,"column":9}},{"start":{"line":67,"column":8},"end":{"line":69,"column":9}}],"line":67},"10":{"loc":{"start":{"line":74,"column":8},"end":{"line":91,"column":9}},"type":"switch","locations":[{"start":{"line":75,"column":12},"end":{"line":76,"column":48}},{"start":{"line":77,"column":12},"end":{"line":78,"column":47}},{"start":{"line":79,"column":12},"end":{"line":80,"column":48}},{"start":{"line":81,"column":12},"end":{"line":82,"column":53}},{"start":{"line":83,"column":12},"end":{"line":84,"column":53}},{"start":{"line":85,"column":12},"end":{"line":86,"column":53}},{"start":{"line":87,"column":12},"end":{"line":88,"column":58}},{"start":{"line":89,"column":12},"end":{"line":90,"column":71}}],"line":74},"11":{"loc":{"start":{"line":96,"column":12},"end":{"line":98,"column":13}},"type":"if","locations":[{"start":{"line":96,"column":12},"end":{"line":98,"column":13}},{"start":{"line":96,"column":12},"end":{"line":98,"column":13}}],"line":96},"12":{"loc":{"start":{"line":105,"column":12},"end":{"line":107,"column":13}},"type":"if","locations":[{"start":{"line":105,"column":12},"end":{"line":107,"column":13}},{"start":{"line":105,"column":12},"end":{"line":107,"column":13}}],"line":105},"13":{"loc":{"start":{"line":119,"column":8},"end":{"line":128,"column":9}},"type":"switch","locations":[{"start":{"line":120,"column":12},"end":{"line":121,"column":50}},{"start":{"line":122,"column":12},"end":{"line":123,"column":48}},{"start":{"line":124,"column":12},"end":{"line":125,"column":48}},{"start":{"line":126,"column":12},"end":{"line":127,"column":84}}],"line":119},"14":{"loc":{"start":{"line":135,"column":8},"end":{"line":137,"column":9}},"type":"if","locations":[{"start":{"line":135,"column":8},"end":{"line":137,"column":9}},{"start":{"line":135,"column":8},"end":{"line":137,"column":9}}],"line":135},"15":{"loc":{"start":{"line":138,"column":8},"end":{"line":140,"column":9}},"type":"if","locations":[{"start":{"line":138,"column":8},"end":{"line":140,"column":9}},{"start":{"line":138,"column":8},"end":{"line":140,"column":9}}],"line":138},"16":{"loc":{"start":{"line":138,"column":12},"end":{"line":138,"column":53}},"type":"binary-expr","locations":[{"start":{"line":138,"column":12},"end":{"line":138,"column":30}},{"start":{"line":138,"column":34},"end":{"line":138,"column":53}}],"line":138},"17":{"loc":{"start":{"line":141,"column":8},"end":{"line":143,"column":9}},"type":"if","locations":[{"start":{"line":141,"column":8},"end":{"line":143,"column":9}},{"start":{"line":141,"column":8},"end":{"line":143,"column":9}}],"line":141}},"s":{"0":1,"1":1,"2":1,"3":0,"4":0,"5":0,"6":0,"7":0,"8":0,"9":0,"10":0,"11":0,"12":0,"13":0,"14":0,"15":0,"16":0,"17":0,"18":0,"19":0,"20":0,"21":0,"22":0,"23":0,"24":0,"25":0,"26":0,"27":0,"28":0,"29":0,"30":0,"31":0,"32":0,"33":0,"34":0,"35":0,"36":0,"37":0,"38":0,"39":0,"40":0,"41":0,"42":0,"43":0,"44":0,"45":0,"46":0,"47":0,"48":0,"49":0,"50":0,"51":0,"52":0,"53":0,"54":0,"55":0,"56":0,"57":0,"58":0,"59":0,"60":0,"61":0,"62":0,"63":0,"64":0,"65":0,"66":0,"67":0,"68":0,"69":0,"70":0,"71":0,"72":0,"73":0,"74":0,"75":0,"76":0,"77":0,"78":0,"79":0,"80":0,"81":0,"82":1},"f":{"0":0,"1":0,"2":0,"3":0,"4":0,"5":0,"6":0,"7":0,"8":0,"9":0,"10":0,"11":0,"12":0},"b":{"0":[0,0],"1":[0,0],"2":[0,0],"3":[0,0],"4":[0,0],"5":[0,0],"6":[0,0],"7":[0,0],"8":[0,0],"9":[0,0],"10":[0,0,0,0,0,0,0,0],"11":[0,0],"12":[0,0],"13":[0,0,0,0],"14":[0,0],"15":[0,0],"16":[0,0],"17":[0,0]},"inputSourceMap":{"version":3,"file":"Query.js","sourceRoot":"","sources":["Query.ts"],"names":[],"mappings":";;AAAA,qDAAmE;AACnE,6CAAwC;AAIxC,MAAa,KAAK;IACP,YAAY,CAAC,QAA8B,EAAE,MAAW;QAC3D,IAAI;YACA,IAAI,KAAK,GAAG,MAAM,CAAC,OAAO,CAAC,CAAC;YAC5B,IAAI,EAAE,GAAG,IAAI,CAAC,OAAO,CAAC,QAAQ,EAAE,MAAM,CAAC,CAAC;YACxC,IAAI,UAAU,GAAG,IAAI,uBAAU,CAAC,MAAM,EAAE,EAAE,CAAC,CAAC;YAC5C,UAAU,CAAC,OAAO,EAAE,CAAC;YACrB,IAAI,YAAY,CAAC;YACjB,IAAI,MAAM,CAAC,IAAI,CAAC,MAAM,CAAC,OAAO,CAAC,CAAC,CAAC,MAAM,KAAK,CAAC,EAAE;gBAC3C,YAAY,GAAG,QAAQ,CAAC,GAAG,CAAC,EAAE,CAAC,CAAC,aAAa,EAAE,CAAC;aACnD;iBAAM,IAAI,MAAM,CAAC,IAAI,CAAC,MAAM,CAAC,OAAO,CAAC,CAAC,CAAC,MAAM,KAAK,CAAC,EAAE;gBAClD,MAAM,IAAI,6BAAY,CAAC,8BAA8B,CAAC,CAAC;aAC1D;iBAAM;gBACH,YAAY,GAAG,QAAQ,CAAC,GAAG,CAAC,EAAE,CAAC,CAAC,aAAa,EAAE,CAAC,MAAM,CAAC,CAAC,OAAsB,EAAE,EAAE;oBAC9E,OAAO,IAAI,CAAC,WAAW,CAAC,KAAK,EAAE,OAAO,CAAC,CAAC;gBAC5C,CAAC,CAAC,CAAC;aACN;YACD,IAAI,YAAY,CAAC,MAAM,GAAG,IAAI,EAAE;gBAC5B,OAAO,OAAO,CAAC,MAAM,CAAC,IAAI,oCAAmB,CAAC,wBAAwB,CAAC,CAAC,CAAC;aAC5E;YACD,IAAI,WAAW,GAAU,IAAI,KAAK,EAAE,CAAC;YACrC,YAAY,CAAC,OAAO,CAAC,CAAC,aAAmC,EAAE,CAAC,EAAE,EAAE;gBAC5D,IAAI,CAAC,GAAyB,EAAE,CAAC;gBACjC,MAAM,CAAC,SAAS,CAAC,CAAC,SAAS,CAAC;qBACvB,OAAO,CAAC,CAAC,GAAW,EAAE,EAAE;oBACrB,CAAC,CAAC,GAAG,CAAC,GAAG,aAAa,CAAC,GAAG,CAAC,KAAK,CAAC,GAAG,CAAC,CAAC,CAAC,CAAC,CAAC,CAAC;gBAC9C,CAAC,CAAC,CAAC;gBACP,WAAW,CAAC,IAAI,CAAC,CAAC,CAAC,CAAC;YACxB,CAAC,CAAC,CAAC;YACH,IAAI,MAAM,CAAC,SAAS,CAAC,KAAK,SAAS,IAAI,MAAM,CAAC,SAAS,CAAC,CAAC,OAAO,CAAC,KAAK,SAAS,EAAE;gBACzE,WAAW,CAAC,IAAI,CAAC,CACjB,CAAqC,EACrC,CAAqC,EAAE,EAAE;oBACrC,IAAI,KAAK,GAAG,CAAC,CAAC,MAAM,CAAC,SAAS,CAAC,CAAC,OAAO,CAAC,CAAC,CAAC;oBAC1C,IAAI,KAAK,GAAG,CAAC,CAAC,MAAM,CAAC,SAAS,CAAC,CAAC,OAAO,CAAC,CAAC,CAAC;oBAC1C,IAAI,KAAK,KAAK,KAAK,EAAE;wBACjB,OAAO,CAAC,CAAC;qBACZ;oBACD,IAAI,KAAK,GAAG,KAAK,EAAE;wBACf,OAAO,CAAC,CAAC,CAAC;qBACb;oBACD,OAAO,CAAC,CAAC;gBACjB,CAAC,CAAC,CAAC;aACN;YACD,OAAO,OAAO,CAAC,OAAO,CAAC,WAAW,CAAC,CAAC;SACvC;QAAC,OAAO,GAAG,EAAE;YACV,OAAO,OAAO,CAAC,MAAM,CAAC,IAAI,6BAAY,CAAC,GAAG,CAAC,CAAC,CAAC;SAChD;IACL,CAAC;IAEO,OAAO,CAAC,QAA8B,EAAE,MAAW;QACvD,IAAI,UAAU,GAAG,IAAI,GAAG,EAAU,CAAC;QACnC,MAAM,CAAC,SAAS,CAAC,CAAC,SAAS,CAAC,CAAC,OAAO,CAAC,CAAC,SAAiB,EAAE,EAAE;YACvD,IAAI,SAAS,CAAC,QAAQ,CAAC,GAAG,CAAC,EAAE;gBACzB,IAAI,QAAQ,CAAC,GAAG,CAAC,SAAS,CAAC,KAAK,CAAC,GAAG,CAAC,CAAC,CAAC,CAAC,CAAC,EAAE;oBACvC,UAAU,CAAC,GAAG,CAAC,SAAS,CAAC,KAAK,CAAC,GAAG,CAAC,CAAC,CAAC,CAAC,CAAC,CAAC;iBAC3C;qBAAM;oBACH,MAAM,IAAI,6BAAY,CAClB,+BAA+B,SAAS,CAAC,KAAK,CAAC,GAAG,CAAC,CAAC,CAAC,CAAC,OAAO,KAAK,CAAC,IAAI,CAAC,QAAQ,CAAC,IAAI,EAAE,CAAC,EAAE,CAC7F,CAAC;iBACL;aACJ;QACL,CAAC,CAAC,CAAC;QACH,IAAI,UAAU,CAAC,IAAI,KAAK,CAAC,EAAE;YACvB,MAAM,IAAI,6BAAY,CAAC,2BAA2B,CAAC,CAAC;SACvD;QACD,OAAO,KAAK,CAAC,IAAI,CAAC,UAAU,CAAC,CAAC,CAAC,CAAC,CAAC;IACrC,CAAC;IAEO,WAAW,CAAC,KAAa,EAAE,OAAe;QAC9C,IAAI,GAAG,GAAG,MAAM,CAAC,IAAI,CAAC,KAAK,CAAC,CAAC,CAAC,CAAC,CAAC;QAChC,QAAQ,GAAG,EAAE;YACT,KAAK,KAAK;gBACN,OAAO,IAAI,CAAC,GAAG,CAAC,KAAK,EAAE,OAAO,CAAC,CAAC;YACpC,KAAK,IAAI;gBACL,OAAO,IAAI,CAAC,EAAE,CAAC,KAAK,EAAE,OAAO,CAAC,CAAC;YACnC,KAAK,KAAK;gBACN,OAAO,IAAI,CAAC,GAAG,CAAC,KAAK,EAAE,OAAO,CAAC,CAAC;YACpC,KAAK,IAAI;gBACL,OAAO,IAAI,CAAC,QAAQ,CAAC,KAAK,EAAE,OAAO,CAAC,CAAC;YACzC,KAAK,IAAI;gBACL,OAAO,IAAI,CAAC,QAAQ,CAAC,KAAK,EAAE,OAAO,CAAC,CAAC;YACzC,KAAK,IAAI;gBACL,OAAO,IAAI,CAAC,QAAQ,CAAC,KAAK,EAAE,OAAO,CAAC,CAAC;YACzC,KAAK,IAAI;gBACL,OAAO,IAAI,CAAC,aAAa,CAAC,KAAK,EAAE,OAAO,CAAC,CAAC;YAC9C;gBACI,MAAM,IAAI,6BAAY,CAAC,aAAa,CAAC,CAAC;SAC7C;IACL,CAAC;IAGO,GAAG,CAAC,CAAM,EAAE,OAAY;QAC5B,IAAI,KAAK,GAAQ,MAAM,CAAC,MAAM,CAAC,CAAC,CAAC,CAAC,CAAC,CAAC,CAAC;QACrC,KAAK,MAAM,QAAQ,IAAI,KAAK,EAAE;YAC1B,IAAI,CAAC,IAAI,CAAC,WAAW,CAAC,KAAK,CAAC,QAAQ,CAAC,EAAE,OAAO,CAAC,EAAE;gBAC7C,OAAO,KAAK,CAAC;aAChB;SACJ;QACD,OAAO,IAAI,CAAC;IAChB,CAAC;IAEO,EAAE,CAAC,CAAM,EAAE,OAAY;QAC3B,IAAI,KAAK,GAAQ,MAAM,CAAC,MAAM,CAAC,CAAC,CAAC,CAAC,CAAC,CAAC,CAAC;QACrC,KAAK,MAAM,QAAQ,IAAI,KAAK,EAAE;YAC1B,IAAI,IAAI,CAAC,WAAW,CAAC,KAAK,CAAC,QAAQ,CAAC,EAAE,OAAO,CAAC,EAAE;gBAC5C,OAAO,IAAI,CAAC;aACf;SACJ;QACD,OAAO,KAAK,CAAC;IACjB,CAAC;IAEO,GAAG,CAAC,CAAM,EAAE,OAAY;QAC5B,OAAO,CAAC,CAAC,IAAI,CAAC,WAAW,CAAC,CAAC,CAAC,KAAK,CAAC,EAAE,OAAO,CAAC,CAAC,CAAC;IAClD,CAAC;IAEO,QAAQ,CAAC,KAAU,EAAE,OAAY;QACrC,IAAI,QAAQ,GAAW,MAAM,CAAC,IAAI,CAAC,KAAK,CAAC,CAAC,CAAC,CAAC,CAAC;QAC7C,IAAI,SAAS,GAAW,MAAM,CAAC,MAAM,CAAC,MAAM,CAAC,KAAK,CAAC,QAAQ,CAAC,CAAC,CAAC,CAAC,CAAC,CAAC,CAAC;QAClE,IAAI,MAAM,GAAW,MAAM,CAAC,IAAI,CAAC,KAAK,CAAC,QAAQ,CAAC,CAAC,CAAC,CAAC,CAAC,CAAC,KAAK,CAAC,GAAG,CAAC,CAAC,CAAC,CAAC,CAAC;QACnE,IAAI,YAAY,GAAW,OAAO,CAAC,MAAM,CAAC,CAAC;QAC3C,QAAQ,QAAQ,EAAE;YACd,KAAK,IAAI;gBACL,OAAO,YAAY,KAAK,SAAS,CAAC;YACtC,KAAK,IAAI;gBACL,OAAO,YAAY,GAAG,SAAS,CAAC;YACpC,KAAK,IAAI;gBACL,OAAO,YAAY,GAAG,SAAS,CAAC;YACpC;gBACI,MAAM,IAAI,6BAAY,CAAC,gBAAgB,QAAQ,EAAE,CAAC,CAAC;SAC1D;IACL,CAAC;IAEO,aAAa,CAAC,KAAU,EAAE,OAAY;QAC1C,IAAI,UAAU,GAAQ,MAAM,CAAC,MAAM,CAAC,KAAK,CAAC,IAAI,CAAC,CAAC,CAAC,CAAC,CAAC,CAAC;QACpD,IAAI,UAAU,GAAQ,MAAM,CAAC,IAAI,CAAC,KAAK,CAAC,IAAI,CAAC,CAAC,CAAC,CAAC,CAAC;aAC5C,KAAK,CAAC,GAAG,CAAC,CAAC,CAAC,CAAC,CAAC;QACnB,IAAI,YAAY,GAAW,MAAM,CAAC,OAAO,CAAC,UAAU,CAAC,CAAC,CAAC;QACvD,IAAI,YAAY,KAAK,SAAS,EAAE;YAC5B,OAAO,KAAK,CAAC;SAChB;QAED,IAAI,UAAU,KAAK,GAAG,IAAI,UAAU,KAAK,IAAI,EAAE;YAC3C,OAAO,IAAI,CAAC;SACf;QAED,IAAI,UAAU,CAAC,KAAK,CAAC,GAAG,CAAC,CAAC,MAAM,GAAG,CAAC,EAAE;YAClC,MAAM,IAAI,6BAAY,CAAC,uBAAuB,CAAC,CAAC;SACnD;QAED,OAAO,MAAM,CAAC,GAAG,GAAG,UAAU,CAAC,OAAO,CAAC,GAAG,EAAE,IAAI,CAAC,GAAG,GAAG,CAAC,CAAC,IAAI,CAAC,YAAY,CAAC,CAAC;IAChF,CAAC;CAEJ;AAzJD,sBAyJC"},"_coverageSchema":"1a1c01bbd47fc00a2c39e90264f33305004495a9","hash":"3d564502a6200e8d2539c80846f7c7e8e3a4da23","contentHash":"af545d4df1bd357f75cd256c1e570be3fc79a1bae0e4ab0eef6bcc613adfc337"},"/Users/burcugorgulicten/Desktop/project_team213/src/controller/CheckQuery.js":{"path":"/Users/burcugorgulicten/Desktop/project_team213/src/controller/CheckQuery.js","statementMap":{"0":{"start":{"line":2,"column":0},"end":{"line":2,"column":62}},"1":{"start":{"line":3,"column":25},"end":{"line":3,"column":52}},"2":{"start":{"line":6,"column":8},"end":{"line":6,"column":29}},"3":{"start":{"line":7,"column":8},"end":{"line":7,"column":21}},"4":{"start":{"line":10,"column":8},"end":{"line":12,"column":9}},"5":{"start":{"line":11,"column":12},"end":{"line":11,"column":75}},"6":{"start":{"line":13,"column":8},"end":{"line":15,"column":9}},"7":{"start":{"line":14,"column":12},"end":{"line":14,"column":77}},"8":{"start":{"line":16,"column":8},"end":{"line":18,"column":9}},"9":{"start":{"line":17,"column":12},"end":{"line":17,"column":78}},"10":{"start":{"line":19,"column":8},"end":{"line":21,"column":9}},"11":{"start":{"line":20,"column":12},"end":{"line":20,"column":81}},"12":{"start":{"line":22,"column":8},"end":{"line":24,"column":9}},"13":{"start":{"line":23,"column":12},"end":{"line":23,"column":76}},"14":{"start":{"line":25,"column":20},"end":{"line":25,"column":40}},"15":{"start":{"line":26,"column":8},"end":{"line":28,"column":9}},"16":{"start":{"line":27,"column":12},"end":{"line":27,"column":80}},"17":{"start":{"line":29,"column":8},"end":{"line":31,"column":9}},"18":{"start":{"line":30,"column":12},"end":{"line":30,"column":78}},"19":{"start":{"line":32,"column":8},"end":{"line":34,"column":9}},"20":{"start":{"line":33,"column":12},"end":{"line":33,"column":81}},"21":{"start":{"line":35,"column":8},"end":{"line":35,"column":35}},"22":{"start":{"line":36,"column":8},"end":{"line":36,"column":69}},"23":{"start":{"line":39,"column":8},"end":{"line":47,"column":9}},"24":{"start":{"line":40,"column":12},"end":{"line":40,"column":62}},"25":{"start":{"line":42,"column":13},"end":{"line":47,"column":9}},"26":{"start":{"line":43,"column":12},"end":{"line":43,"column":65}},"27":{"start":{"line":45,"column":13},"end":{"line":47,"column":9}},"28":{"start":{"line":46,"column":12},"end":{"line":46,"column":68}},"29":{"start":{"line":50,"column":8},"end":{"line":52,"column":9}},"30":{"start":{"line":51,"column":12},"end":{"line":51,"column":88}},"31":{"start":{"line":53,"column":8},"end":{"line":55,"column":9}},"32":{"start":{"line":54,"column":12},"end":{"line":54,"column":81}},"33":{"start":{"line":56,"column":8},"end":{"line":63,"column":9}},"34":{"start":{"line":57,"column":12},"end":{"line":59,"column":13}},"35":{"start":{"line":58,"column":16},"end":{"line":58,"column":92}},"36":{"start":{"line":60,"column":12},"end":{"line":62,"column":13}},"37":{"start":{"line":61,"column":16},"end":{"line":61,"column":74}},"38":{"start":{"line":64,"column":8},"end":{"line":71,"column":9}},"39":{"start":{"line":65,"column":12},"end":{"line":67,"column":13}},"40":{"start":{"line":66,"column":16},"end":{"line":66,"column":70}},"41":{"start":{"line":68,"column":12},"end":{"line":70,"column":13}},"42":{"start":{"line":69,"column":16},"end":{"line":69,"column":78}},"43":{"start":{"line":74,"column":21},"end":{"line":74,"column":32}},"44":{"start":{"line":75,"column":8},"end":{"line":77,"column":9}},"45":{"start":{"line":76,"column":12},"end":{"line":76,"column":82}},"46":{"start":{"line":78,"column":8},"end":{"line":80,"column":9}},"47":{"start":{"line":79,"column":12},"end":{"line":79,"column":80}},"48":{"start":{"line":81,"column":8},"end":{"line":88,"column":9}},"49":{"start":{"line":82,"column":12},"end":{"line":87,"column":13}},"50":{"start":{"line":83,"column":16},"end":{"line":83,"column":47}},"51":{"start":{"line":86,"column":16},"end":{"line":86,"column":91}},"52":{"start":{"line":91,"column":21},"end":{"line":91,"column":32}},"53":{"start":{"line":92,"column":8},"end":{"line":94,"column":9}},"54":{"start":{"line":93,"column":12},"end":{"line":93,"column":80}},"55":{"start":{"line":95,"column":8},"end":{"line":97,"column":9}},"56":{"start":{"line":96,"column":12},"end":{"line":96,"column":87}},"57":{"start":{"line":98,"column":8},"end":{"line":98,"column":36}},"58":{"start":{"line":101,"column":8},"end":{"line":103,"column":9}},"59":{"start":{"line":102,"column":12},"end":{"line":102,"column":88}},"60":{"start":{"line":104,"column":8},"end":{"line":106,"column":9}},"61":{"start":{"line":105,"column":12},"end":{"line":105,"column":86}},"62":{"start":{"line":107,"column":8},"end":{"line":111,"column":11}},"63":{"start":{"line":108,"column":12},"end":{"line":110,"column":13}},"64":{"start":{"line":109,"column":16},"end":{"line":109,"column":105}},"65":{"start":{"line":112,"column":8},"end":{"line":112,"column":42}},"66":{"start":{"line":113,"column":8},"end":{"line":128,"column":9}},"67":{"start":{"line":114,"column":12},"end":{"line":116,"column":13}},"68":{"start":{"line":115,"column":16},"end":{"line":115,"column":79}},"69":{"start":{"line":117,"column":12},"end":{"line":127,"column":13}},"70":{"start":{"line":118,"column":32},"end":{"line":118,"column":50}},"71":{"start":{"line":119,"column":16},"end":{"line":123,"column":19}},"72":{"start":{"line":120,"column":20},"end":{"line":122,"column":21}},"73":{"start":{"line":121,"column":24},"end":{"line":121,"column":92}},"74":{"start":{"line":126,"column":16},"end":{"line":126,"column":82}},"75":{"start":{"line":131,"column":8},"end":{"line":146,"column":11}},"76":{"start":{"line":132,"column":26},"end":{"line":132,"column":40}},"77":{"start":{"line":133,"column":12},"end":{"line":135,"column":13}},"78":{"start":{"line":134,"column":16},"end":{"line":134,"column":80}},"79":{"start":{"line":136,"column":12},"end":{"line":138,"column":13}},"80":{"start":{"line":137,"column":16},"end":{"line":137,"column":85}},"81":{"start":{"line":139,"column":12},"end":{"line":145,"column":13}},"82":{"start":{"line":140,"column":16},"end":{"line":144,"column":17}},"83":{"start":{"line":141,"column":20},"end":{"line":143,"column":21}},"84":{"start":{"line":142,"column":24},"end":{"line":142,"column":88}},"85":{"start":{"line":149,"column":0},"end":{"line":149,"column":32}},"86":{"start":{"line":150,"column":0},"end":{"line":150,"column":68}},"87":{"start":{"line":151,"column":0},"end":{"line":151,"column":73}},"88":{"start":{"line":152,"column":0},"end":{"line":152,"column":44}},"89":{"start":{"line":153,"column":0},"end":{"line":153,"column":46}},"90":{"start":{"line":154,"column":0},"end":{"line":154,"column":37}},"91":{"start":{"line":155,"column":0},"end":{"line":155,"column":54}},"92":{"start":{"line":156,"column":0},"end":{"line":156,"column":47}},"93":{"start":{"line":157,"column":0},"end":{"line":157,"column":34}}},"fnMap":{"0":{"name":"(anonymous_0)","decl":{"start":{"line":5,"column":4},"end":{"line":5,"column":5}},"loc":{"start":{"line":5,"column":28},"end":{"line":8,"column":5}},"line":5},"1":{"name":"(anonymous_1)","decl":{"start":{"line":9,"column":4},"end":{"line":9,"column":5}},"loc":{"start":{"line":9,"column":14},"end":{"line":37,"column":5}},"line":9},"2":{"name":"(anonymous_2)","decl":{"start":{"line":38,"column":4},"end":{"line":38,"column":5}},"loc":{"start":{"line":38,"column":27},"end":{"line":48,"column":5}},"line":38},"3":{"name":"(anonymous_3)","decl":{"start":{"line":49,"column":4},"end":{"line":49,"column":5}},"loc":{"start":{"line":49,"column":30},"end":{"line":72,"column":5}},"line":49},"4":{"name":"(anonymous_4)","decl":{"start":{"line":73,"column":4},"end":{"line":73,"column":5}},"loc":{"start":{"line":73,"column":33},"end":{"line":89,"column":5}},"line":73},"5":{"name":"(anonymous_5)","decl":{"start":{"line":90,"column":4},"end":{"line":90,"column":5}},"loc":{"start":{"line":90,"column":36},"end":{"line":99,"column":5}},"line":90},"6":{"name":"(anonymous_6)","decl":{"start":{"line":100,"column":4},"end":{"line":100,"column":5}},"loc":{"start":{"line":100,"column":31},"end":{"line":129,"column":5}},"line":100},"7":{"name":"(anonymous_7)","decl":{"start":{"line":107,"column":37},"end":{"line":107,"column":38}},"loc":{"start":{"line":107,"column":46},"end":{"line":111,"column":9}},"line":107},"8":{"name":"(anonymous_8)","decl":{"start":{"line":119,"column":34},"end":{"line":119,"column":35}},"loc":{"start":{"line":119,"column":43},"end":{"line":123,"column":17}},"line":119},"9":{"name":"(anonymous_9)","decl":{"start":{"line":130,"column":4},"end":{"line":130,"column":5}},"loc":{"start":{"line":130,"column":33},"end":{"line":147,"column":5}},"line":130},"10":{"name":"(anonymous_10)","decl":{"start":{"line":131,"column":35},"end":{"line":131,"column":36}},"loc":{"start":{"line":131,"column":44},"end":{"line":146,"column":9}},"line":131}},"branchMap":{"0":{"loc":{"start":{"line":10,"column":8},"end":{"line":12,"column":9}},"type":"if","locations":[{"start":{"line":10,"column":8},"end":{"line":12,"column":9}},{"start":{"line":10,"column":8},"end":{"line":12,"column":9}}],"line":10},"1":{"loc":{"start":{"line":13,"column":8},"end":{"line":15,"column":9}},"type":"if","locations":[{"start":{"line":13,"column":8},"end":{"line":15,"column":9}},{"start":{"line":13,"column":8},"end":{"line":15,"column":9}}],"line":13},"2":{"loc":{"start":{"line":16,"column":8},"end":{"line":18,"column":9}},"type":"if","locations":[{"start":{"line":16,"column":8},"end":{"line":18,"column":9}},{"start":{"line":16,"column":8},"end":{"line":18,"column":9}}],"line":16},"3":{"loc":{"start":{"line":19,"column":8},"end":{"line":21,"column":9}},"type":"if","locations":[{"start":{"line":19,"column":8},"end":{"line":21,"column":9}},{"start":{"line":19,"column":8},"end":{"line":21,"column":9}}],"line":19},"4":{"loc":{"start":{"line":22,"column":8},"end":{"line":24,"column":9}},"type":"if","locations":[{"start":{"line":22,"column":8},"end":{"line":24,"column":9}},{"start":{"line":22,"column":8},"end":{"line":24,"column":9}}],"line":22},"5":{"loc":{"start":{"line":26,"column":8},"end":{"line":28,"column":9}},"type":"if","locations":[{"start":{"line":26,"column":8},"end":{"line":28,"column":9}},{"start":{"line":26,"column":8},"end":{"line":28,"column":9}}],"line":26},"6":{"loc":{"start":{"line":29,"column":8},"end":{"line":31,"column":9}},"type":"if","locations":[{"start":{"line":29,"column":8},"end":{"line":31,"column":9}},{"start":{"line":29,"column":8},"end":{"line":31,"column":9}}],"line":29},"7":{"loc":{"start":{"line":32,"column":8},"end":{"line":34,"column":9}},"type":"if","locations":[{"start":{"line":32,"column":8},"end":{"line":34,"column":9}},{"start":{"line":32,"column":8},"end":{"line":34,"column":9}}],"line":32},"8":{"loc":{"start":{"line":39,"column":8},"end":{"line":47,"column":9}},"type":"if","locations":[{"start":{"line":39,"column":8},"end":{"line":47,"column":9}},{"start":{"line":39,"column":8},"end":{"line":47,"column":9}}],"line":39},"9":{"loc":{"start":{"line":42,"column":13},"end":{"line":47,"column":9}},"type":"if","locations":[{"start":{"line":42,"column":13},"end":{"line":47,"column":9}},{"start":{"line":42,"column":13},"end":{"line":47,"column":9}}],"line":42},"10":{"loc":{"start":{"line":45,"column":13},"end":{"line":47,"column":9}},"type":"if","locations":[{"start":{"line":45,"column":13},"end":{"line":47,"column":9}},{"start":{"line":45,"column":13},"end":{"line":47,"column":9}}],"line":45},"11":{"loc":{"start":{"line":50,"column":8},"end":{"line":52,"column":9}},"type":"if","locations":[{"start":{"line":50,"column":8},"end":{"line":52,"column":9}},{"start":{"line":50,"column":8},"end":{"line":52,"column":9}}],"line":50},"12":{"loc":{"start":{"line":53,"column":8},"end":{"line":55,"column":9}},"type":"if","locations":[{"start":{"line":53,"column":8},"end":{"line":55,"column":9}},{"start":{"line":53,"column":8},"end":{"line":55,"column":9}}],"line":53},"13":{"loc":{"start":{"line":56,"column":8},"end":{"line":63,"column":9}},"type":"if","locations":[{"start":{"line":56,"column":8},"end":{"line":63,"column":9}},{"start":{"line":56,"column":8},"end":{"line":63,"column":9}}],"line":56},"14":{"loc":{"start":{"line":57,"column":12},"end":{"line":59,"column":13}},"type":"if","locations":[{"start":{"line":57,"column":12},"end":{"line":59,"column":13}},{"start":{"line":57,"column":12},"end":{"line":59,"column":13}}],"line":57},"15":{"loc":{"start":{"line":60,"column":12},"end":{"line":62,"column":13}},"type":"if","locations":[{"start":{"line":60,"column":12},"end":{"line":62,"column":13}},{"start":{"line":60,"column":12},"end":{"line":62,"column":13}}],"line":60},"16":{"loc":{"start":{"line":64,"column":8},"end":{"line":71,"column":9}},"type":"if","locations":[{"start":{"line":64,"column":8},"end":{"line":71,"column":9}},{"start":{"line":64,"column":8},"end":{"line":71,"column":9}}],"line":64},"17":{"loc":{"start":{"line":65,"column":12},"end":{"line":67,"column":13}},"type":"if","locations":[{"start":{"line":65,"column":12},"end":{"line":67,"column":13}},{"start":{"line":65,"column":12},"end":{"line":67,"column":13}}],"line":65},"18":{"loc":{"start":{"line":68,"column":12},"end":{"line":70,"column":13}},"type":"if","locations":[{"start":{"line":68,"column":12},"end":{"line":70,"column":13}},{"start":{"line":68,"column":12},"end":{"line":70,"column":13}}],"line":68},"19":{"loc":{"start":{"line":75,"column":8},"end":{"line":77,"column":9}},"type":"if","locations":[{"start":{"line":75,"column":8},"end":{"line":77,"column":9}},{"start":{"line":75,"column":8},"end":{"line":77,"column":9}}],"line":75},"20":{"loc":{"start":{"line":78,"column":8},"end":{"line":80,"column":9}},"type":"if","locations":[{"start":{"line":78,"column":8},"end":{"line":80,"column":9}},{"start":{"line":78,"column":8},"end":{"line":80,"column":9}}],"line":78},"21":{"loc":{"start":{"line":82,"column":12},"end":{"line":87,"column":13}},"type":"if","locations":[{"start":{"line":82,"column":12},"end":{"line":87,"column":13}},{"start":{"line":82,"column":12},"end":{"line":87,"column":13}}],"line":82},"22":{"loc":{"start":{"line":92,"column":8},"end":{"line":94,"column":9}},"type":"if","locations":[{"start":{"line":92,"column":8},"end":{"line":94,"column":9}},{"start":{"line":92,"column":8},"end":{"line":94,"column":9}}],"line":92},"23":{"loc":{"start":{"line":95,"column":8},"end":{"line":97,"column":9}},"type":"if","locations":[{"start":{"line":95,"column":8},"end":{"line":97,"column":9}},{"start":{"line":95,"column":8},"end":{"line":97,"column":9}}],"line":95},"24":{"loc":{"start":{"line":101,"column":8},"end":{"line":103,"column":9}},"type":"if","locations":[{"start":{"line":101,"column":8},"end":{"line":103,"column":9}},{"start":{"line":101,"column":8},"end":{"line":103,"column":9}}],"line":101},"25":{"loc":{"start":{"line":104,"column":8},"end":{"line":106,"column":9}},"type":"if","locations":[{"start":{"line":104,"column":8},"end":{"line":106,"column":9}},{"start":{"line":104,"column":8},"end":{"line":106,"column":9}}],"line":104},"26":{"loc":{"start":{"line":108,"column":12},"end":{"line":110,"column":13}},"type":"if","locations":[{"start":{"line":108,"column":12},"end":{"line":110,"column":13}},{"start":{"line":108,"column":12},"end":{"line":110,"column":13}}],"line":108},"27":{"loc":{"start":{"line":113,"column":8},"end":{"line":128,"column":9}},"type":"if","locations":[{"start":{"line":113,"column":8},"end":{"line":128,"column":9}},{"start":{"line":113,"column":8},"end":{"line":128,"column":9}}],"line":113},"28":{"loc":{"start":{"line":114,"column":12},"end":{"line":116,"column":13}},"type":"if","locations":[{"start":{"line":114,"column":12},"end":{"line":116,"column":13}},{"start":{"line":114,"column":12},"end":{"line":116,"column":13}}],"line":114},"29":{"loc":{"start":{"line":117,"column":12},"end":{"line":127,"column":13}},"type":"if","locations":[{"start":{"line":117,"column":12},"end":{"line":127,"column":13}},{"start":{"line":117,"column":12},"end":{"line":127,"column":13}}],"line":117},"30":{"loc":{"start":{"line":120,"column":20},"end":{"line":122,"column":21}},"type":"if","locations":[{"start":{"line":120,"column":20},"end":{"line":122,"column":21}},{"start":{"line":120,"column":20},"end":{"line":122,"column":21}}],"line":120},"31":{"loc":{"start":{"line":133,"column":12},"end":{"line":135,"column":13}},"type":"if","locations":[{"start":{"line":133,"column":12},"end":{"line":135,"column":13}},{"start":{"line":133,"column":12},"end":{"line":135,"column":13}}],"line":133},"32":{"loc":{"start":{"line":136,"column":12},"end":{"line":138,"column":13}},"type":"if","locations":[{"start":{"line":136,"column":12},"end":{"line":138,"column":13}},{"start":{"line":136,"column":12},"end":{"line":138,"column":13}}],"line":136},"33":{"loc":{"start":{"line":139,"column":12},"end":{"line":145,"column":13}},"type":"if","locations":[{"start":{"line":139,"column":12},"end":{"line":145,"column":13}},{"start":{"line":139,"column":12},"end":{"line":145,"column":13}}],"line":139},"34":{"loc":{"start":{"line":140,"column":16},"end":{"line":144,"column":17}},"type":"if","locations":[{"start":{"line":140,"column":16},"end":{"line":144,"column":17}},{"start":{"line":140,"column":16},"end":{"line":144,"column":17}}],"line":140},"35":{"loc":{"start":{"line":141,"column":20},"end":{"line":143,"column":21}},"type":"if","locations":[{"start":{"line":141,"column":20},"end":{"line":143,"column":21}},{"start":{"line":141,"column":20},"end":{"line":143,"column":21}}],"line":141}},"s":{"0":1,"1":1,"2":0,"3":0,"4":0,"5":0,"6":0,"7":0,"8":0,"9":0,"10":0,"11":0,"12":0,"13":0,"14":0,"15":0,"16":0,"17":0,"18":0,"19":0,"20":0,"21":0,"22":0,"23":0,"24":0,"25":0,"26":0,"27":0,"28":0,"29":0,"30":0,"31":0,"32":0,"33":0,"34":0,"35":0,"36":0,"37":0,"38":0,"39":0,"40":0,"41":0,"42":0,"43":0,"44":0,"45":0,"46":0,"47":0,"48":0,"49":0,"50":0,"51":0,"52":0,"53":0,"54":0,"55":0,"56":0,"57":0,"58":0,"59":0,"60":0,"61":0,"62":0,"63":0,"64":0,"65":0,"66":0,"67":0,"68":0,"69":0,"70":0,"71":0,"72":0,"73":0,"74":0,"75":0,"76":0,"77":0,"78":0,"79":0,"80":0,"81":0,"82":0,"83":0,"84":0,"85":1,"86":1,"87":1,"88":1,"89":1,"90":1,"91":1,"92":1,"93":1},"f":{"0":0,"1":0,"2":0,"3":0,"4":0,"5":0,"6":0,"7":0,"8":0,"9":0,"10":0},"b":{"0":[0,0],"1":[0,0],"2":[0,0],"3":[0,0],"4":[0,0],"5":[0,0],"6":[0,0],"7":[0,0],"8":[0,0],"9":[0,0],"10":[0,0],"11":[0,0],"12":[0,0],"13":[0,0],"14":[0,0],"15":[0,0],"16":[0,0],"17":[0,0],"18":[0,0],"19":[0,0],"20":[0,0],"21":[0,0],"22":[0,0],"23":[0,0],"24":[0,0],"25":[0,0],"26":[0,0],"27":[0,0],"28":[0,0],"29":[0,0],"30":[0,0],"31":[0,0],"32":[0,0],"33":[0,0],"34":[0,0],"35":[0,0]},"inputSourceMap":{"version":3,"file":"CheckQuery.js","sourceRoot":"","sources":["CheckQuery.ts"],"names":[],"mappings":";;AAAA,qDAA8C;AAG9C,MAAa,UAAU;IAYnB,YAAY,MAAW,EAAE,EAAU;QAC/B,IAAI,CAAC,MAAM,GAAG,MAAM,CAAC;QACrB,IAAI,CAAC,EAAE,GAAG,EAAE,CAAC;IACjB,CAAC;IAEM,OAAO;QAEV,IAAI,CAAC,MAAM,CAAC,IAAI,CAAC,IAAI,CAAC,MAAM,CAAC,CAAC,QAAQ,CAAC,UAAU,CAAC,SAAS,CAAC,CAAC,CAAC,CAAC,EAAE;YAC7D,MAAM,IAAI,6BAAY,CAAC,qBAAqB,CAAC,CAAC;SACjD;QACD,IAAI,CAAC,MAAM,CAAC,IAAI,CAAC,IAAI,CAAC,MAAM,CAAC,CAAC,QAAQ,CAAC,UAAU,CAAC,SAAS,CAAC,CAAC,CAAC,CAAC,EAAE;YAC7D,MAAM,IAAI,6BAAY,CAAC,uBAAuB,CAAC,CAAC;SACnD;QACD,IAAI,IAAI,CAAC,MAAM,CAAC,MAAM,KAAK,SAAS,EAAE;YAClC,MAAM,IAAI,6BAAY,CAAC,wBAAwB,CAAC,CAAC;SACpD;QACD,IAAI,OAAO,IAAI,CAAC,MAAM,KAAK,QAAQ,EAAE;YACjC,MAAM,IAAI,6BAAY,CAAC,2BAA2B,CAAC,CAAC;SACvD;QACD,IAAI,IAAI,CAAC,MAAM,KAAK,IAAI,EAAE;YACtB,MAAM,IAAI,6BAAY,CAAC,sBAAsB,CAAC,CAAC;SAClD;QAED,IAAI,KAAK,GAAG,IAAI,CAAC,MAAM,CAAC,OAAO,CAAC,CAAC;QAEjC,IAAI,KAAK,KAAK,IAAI,EAAE;YAChB,MAAM,IAAI,6BAAY,CAAC,0BAA0B,CAAC,CAAC;SACtD;QACD,IAAI,OAAO,KAAK,KAAK,QAAQ,EAAE;YAC3B,MAAM,IAAI,6BAAY,CAAC,wBAAwB,CAAC,CAAC;SACpD;QACD,IAAI,MAAM,CAAC,IAAI,CAAC,KAAK,CAAC,CAAC,MAAM,GAAG,CAAC,EAAE;YAC/B,MAAM,IAAI,6BAAY,CAAC,2BAA2B,CAAC,CAAC;SACvD;QACD,IAAI,CAAC,cAAc,CAAC,KAAK,CAAC,CAAC;QAC3B,IAAI,CAAC,iBAAiB,CAAC,IAAI,CAAC,MAAM,CAAC,UAAU,CAAC,SAAS,CAAC,CAAC,CAAC,CAAC,CAAC,CAAC;IAGjE,CAAC;IAGO,cAAc,CAAC,MAAW;QAC9B,IAAI,UAAU,CAAC,eAAe,CAAC,QAAQ,CAAC,MAAM,CAAC,IAAI,CAAC,MAAM,CAAC,CAAC,CAAC,CAAC,CAAC,EAAE;YAC7D,IAAI,CAAC,YAAY,CAAC,MAAM,EAAE,MAAM,CAAC,IAAI,CAAC,MAAM,CAAC,CAAC,CAAC,CAAC,CAAC,CAAC;SACrD;aAAM,IAAI,UAAU,CAAC,SAAS,CAAC,QAAQ,CAAC,MAAM,CAAC,IAAI,CAAC,MAAM,CAAC,CAAC,CAAC,CAAC,CAAC,EAAE;YAC9D,IAAI,CAAC,eAAe,CAAC,MAAM,EAAE,MAAM,CAAC,IAAI,CAAC,MAAM,CAAC,CAAC,CAAC,CAAC,CAAC,CAAC;SACxD;aAAM,IAAI,UAAU,CAAC,YAAY,CAAC,QAAQ,CAAC,MAAM,CAAC,IAAI,CAAC,MAAM,CAAC,CAAC,CAAC,CAAC,CAAC,EAAE;YACjE,IAAI,CAAC,kBAAkB,CAAC,MAAM,EAAE,MAAM,CAAC,IAAI,CAAC,MAAM,CAAC,CAAC,CAAC,CAAC,CAAC,CAAC;SAC3D;IACL,CAAC;IAGO,YAAY,CAAC,MAAW,EAAE,GAAW;QAIzC,IAAI,MAAM,CAAC,IAAI,CAAC,MAAM,CAAC,GAAG,CAAC,CAAC,CAAC,MAAM,KAAK,CAAC,EAAE;YACvC,MAAM,IAAI,6BAAY,CAAC,kCAAkC,CAAC,CAAC;SAC9D;QACD,IAAI,CAAC,MAAM,CAAC,IAAI,CAAC,MAAM,CAAC,GAAG,CAAC,CAAC,CAAC,CAAC,CAAC,CAAC,KAAK,CAAC,GAAG,CAAC,CAAC,CAAC,MAAM,IAAI,CAAC,EAAE;YACtD,MAAM,IAAI,6BAAY,CAAC,2BAA2B,CAAC,CAAC;SACvD;QAED,IAAI,UAAU,CAAC,cAAc,CAAC,QAAQ,CAAC,GAAG,CAAC,EAAE;YACzC,IAAI,OAAO,MAAM,CAAC,GAAG,CAAC,CAAC,MAAM,CAAC,IAAI,CAAC,MAAM,CAAC,GAAG,CAAC,CAAC,CAAC,CAAC,CAAC,CAAC,KAAK,QAAQ,EAAE;gBAC9D,MAAM,IAAI,6BAAY,CAAC,kCAAkC,CAAC,CAAC;aAC9D;YACD,IAAI,CAAC,UAAU,CAAC,aAAa,CAAC,QAAQ,CAClC,CAAC,CAAC,MAAM,CAAC,IAAI,CAAC,MAAM,CAAC,GAAG,CAAC,CAAC,CAAC,CAAC,CAAC,CAAC,CAAC,KAAK,CAAC,GAAG,CAAC,CAAC,CAAC,CAAC,CAAC,CAAC,EAAE;gBAChD,MAAM,IAAI,6BAAY,CAAC,gBAAgB,CAAC,CAAC;aAC5C;SACJ;QAED,IAAI,CAAC,UAAU,CAAC,cAAc,CAAC,QAAQ,CAAC,GAAG,CAAC,EAAE;YAC1C,IAAI,CAAC,UAAU,CAAC,aAAa,CAAC,QAAQ,CAClC,CAAC,CAAC,MAAM,CAAC,IAAI,CAAC,MAAM,CAAC,GAAG,CAAC,CAAC,CAAC,CAAC,CAAC,CAAC,CAAC,KAAK,CAAC,GAAG,CAAC,CAAC,CAAC,CAAC,CAAC,CAAC,EAAE;gBAChD,MAAM,IAAI,6BAAY,CAAC,YAAY,CAAC,CAAC;aACxC;YACD,IAAI,OAAO,MAAM,CAAC,GAAG,CAAC,CAAC,MAAM,CAAC,IAAI,CAAC,MAAM,CAAC,GAAG,CAAC,CAAC,CAAC,CAAC,CAAC,CAAC,KAAK,QAAQ,EAAE;gBAC9D,MAAM,IAAI,6BAAY,CAAC,oBAAoB,CAAC,CAAC;aAChD;SAEJ;IAEL,CAAC;IAGO,eAAe,CAAC,MAAW,EAAE,GAAW;QAC5C,IAAI,MAAM,GAAG,MAAM,CAAC,GAAG,CAAC,CAAC;QACzB,IAAI,MAAM,CAAC,MAAM,KAAK,CAAC,EAAE;YACrB,MAAM,IAAI,6BAAY,CAAC,4BAA4B,CAAC,CAAC;SACxD;QACD,IAAI,CAAC,KAAK,CAAC,OAAO,CAAC,MAAM,CAAC,EAAE;YACxB,MAAM,IAAI,6BAAY,CAAC,0BAA0B,CAAC,CAAC;SACtD;QACD,KAAK,IAAI,CAAC,IAAI,MAAM,EAAE;YAClB,IAAI,CAAC,KAAK,MAAM,CAAC,IAAI,CAAC,MAAM,CAAC,CAAC,CAAC,CAAC,CAAC,MAAM,EAAE;gBACrC,IAAI,CAAC,cAAc,CAAC,MAAM,CAAC,CAAC,CAAC,CAAC,CAAC;aAClC;iBAAM;gBACH,MAAM,IAAI,6BAAY,CAAC,iCAAiC,CAAC,CAAC;aAC7D;SACJ;IACL,CAAC;IAEO,kBAAkB,CAAC,MAAW,EAAE,GAAW;QAC/C,IAAI,MAAM,GAAG,MAAM,CAAC,GAAG,CAAC,CAAC;QACzB,IAAI,MAAM,CAAC,IAAI,CAAC,MAAM,CAAC,CAAC,MAAM,KAAK,CAAC,EAAE;YAClC,MAAM,IAAI,6BAAY,CAAC,0BAA0B,CAAC,CAAC;SACtD;QACD,IAAI,MAAM,CAAC,IAAI,CAAC,MAAM,CAAC,CAAC,MAAM,IAAI,CAAC,EAAE;YACjC,MAAM,IAAI,6BAAY,CAAC,iCAAiC,CAAC,CAAC;SAC7D;QACD,IAAI,CAAC,cAAc,CAAC,MAAM,CAAC,CAAC;IAChC,CAAC;IAEO,iBAAiB,CAAC,OAAY;QAElC,IAAI,CAAC,MAAM,CAAC,IAAI,CAAC,OAAO,CAAC,CAAC,QAAQ,CAAC,UAAU,CAAC,WAAW,CAAC,CAAC,CAAC,CAAC,EAAE;YAC3D,MAAM,IAAI,6BAAY,CAAC,kCAAkC,CAAC,CAAC;SAC9D;QACD,IAAI,OAAO,CAAC,UAAU,CAAC,WAAW,CAAC,CAAC,CAAC,CAAC,CAAC,MAAM,KAAK,CAAC,EAAE;YACjD,MAAM,IAAI,6BAAY,CAAC,gCAAgC,CAAC,CAAC;SAC5D;QACD,MAAM,CAAC,IAAI,CAAC,OAAO,CAAC,CAAC,OAAO,CAAC,CAAC,GAAW,EAAE,EAAE;YACzC,IAAI,CAAC,UAAU,CAAC,WAAW,CAAC,QAAQ,CAAC,GAAG,CAAC,EAAE;gBACvC,MAAM,IAAI,6BAAY,CAAC,+CAA+C,CAAC,CAAC;aAC3E;QACL,CAAC,CAAC,CAAC;QACH,IAAI,CAAC,mBAAmB,CAAC,OAAO,CAAC,CAAC;QAElC,IAAI,MAAM,CAAC,IAAI,CAAC,OAAO,CAAC,CAAC,QAAQ,CAAC,UAAU,CAAC,WAAW,CAAC,CAAC,CAAC,CAAC,EAAE;YAC1D,IAAI,OAAO,CAAC,OAAO,CAAC,KAAK,IAAI,EAAE;gBAC3B,MAAM,IAAI,6BAAY,CAAC,qBAAqB,CAAC,CAAC;aACjD;YACD,IAAI,OAAO,OAAO,CAAC,OAAO,CAAC,KAAK,QAAQ,EAAE;gBACtC,IAAI,SAAS,GAAG,CAAC,OAAO,CAAC,OAAO,CAAC,CAAC,CAAC;gBACnC,SAAS,CAAC,OAAO,CAAC,CAAC,GAAW,EAAE,EAAE;oBAC9B,IAAI,CAAC,OAAO,CAAC,SAAS,CAAC,CAAC,QAAQ,CAAC,GAAG,CAAC,EAAE;wBACnC,MAAM,IAAI,6BAAY,CAAC,0BAA0B,CAAC,CAAC;qBACtD;gBACL,CAAC,CAAC,CAAC;aACN;iBAAM;gBACH,MAAM,IAAI,6BAAY,CAAC,wBAAwB,CAAC,CAAC;aACpD;SACJ;IACL,CAAC;IAEO,mBAAmB,CAAC,OAAY;QACpC,OAAO,CAAC,SAAS,CAAC,CAAC,OAAO,CAAC,CAAC,GAAW,EAAE,EAAE;YACvC,IAAI,OAAO,GAAG,GAAG,CAAC,KAAK,CAAC,GAAG,CAAC,CAAC;YAC7B,IAAI,OAAO,CAAC,MAAM,IAAI,CAAC,EAAE;gBACrB,MAAM,IAAI,6BAAY,CAAC,sBAAsB,CAAC,CAAC;aAClD;YACD,IAAI,OAAO,CAAC,CAAC,CAAC,KAAK,IAAI,CAAC,EAAE,EAAE;gBACxB,MAAM,IAAI,6BAAY,CAAC,2BAA2B,CAAC,CAAC;aACvD;YACD,IAAI,IAAI,CAAC,EAAE,KAAK,SAAS,EAAE;gBACvB,IAAI,CAAC,UAAU,CAAC,aAAa,CAAC,QAAQ,CAAC,OAAO,CAAC,CAAC,CAAC,CAAC,EAAE;oBAChD,IAAI,CAAC,UAAU,CAAC,aAAa,CAAC,QAAQ,CAAC,OAAO,CAAC,CAAC,CAAC,CAAC,EAAE;wBAChD,MAAM,IAAI,6BAAY,CAAC,sBAAsB,CAAC,CAAC;qBAClD;iBACJ;aACJ;QACL,CAAC,CAAC,CAAC;IACP,CAAC;;AAhLL,gCAiLC;AAhLkB,wBAAa,GAAG,CAAC,KAAK,EAAE,MAAM,EAAE,MAAM,EAAE,OAAO,EAAE,MAAM,CAAC,CAAC;AACzD,wBAAa,GAAG,CAAC,MAAM,EAAE,IAAI,EAAE,YAAY,EAAE,OAAO,EAAE,MAAM,CAAC,CAAC;AAC9D,oBAAS,GAAG,CAAC,OAAO,EAAE,SAAS,CAAC,CAAC;AACjC,sBAAW,GAAG,CAAC,SAAS,EAAE,OAAO,CAAC,CAAC;AACnC,oBAAS,GAAG,CAAC,KAAK,EAAE,IAAI,CAAC,CAAC;AAC1B,0BAAe,GAAG,CAAC,IAAI,EAAE,IAAI,EAAE,IAAI,EAAE,IAAI,CAAC,CAAC;AAC3C,yBAAc,GAAG,CAAC,IAAI,EAAE,IAAI,EAAE,IAAI,CAAC,CAAC;AACpC,uBAAY,GAAG,CAAC,KAAK,CAAC,CAAC"},"_coverageSchema":"1a1c01bbd47fc00a2c39e90264f33305004495a9","hash":"59479ec2f2ddc6f95cdaed15d7eff0b6a695c02c","contentHash":"bda0a4b063e6d0d05bdd440b0cfc2c67f6794d2e24f6a3c29345d518262339d1"},"/Users/burcugorgulicten/Desktop/project_team213/src/controller/Course.js":{"path":"/Users/burcugorgulicten/Desktop/project_team213/src/controller/Course.js","statementMap":{"0":{"start":{"line":2,"column":0},"end":{"line":2,"column":62}},"1":{"start":{"line":3,"column":18},"end":{"line":3,"column":38}},"2":{"start":{"line":4,"column":25},"end":{"line":4,"column":52}},"3":{"start":{"line":5,"column":14},"end":{"line":5,"column":30}},"4":{"start":{"line":6,"column":24},"end":{"line":6,"column":50}},"5":{"start":{"line":9,"column":8},"end":{"line":13,"column":10}},"6":{"start":{"line":17,"column":22},"end":{"line":17,"column":24}},"7":{"start":{"line":18,"column":8},"end":{"line":23,"column":9}},"8":{"start":{"line":19,"column":12},"end":{"line":19,"column":38}},"9":{"start":{"line":22,"column":12},"end":{"line":22,"column":25}},"10":{"start":{"line":24,"column":8},"end":{"line":51,"column":9}},"11":{"start":{"line":26,"column":12},"end":{"line":39,"column":13}},"12":{"start":{"line":27,"column":16},"end":{"line":27,"column":37}},"13":{"start":{"line":29,"column":17},"end":{"line":39,"column":13}},"14":{"start":{"line":30,"column":16},"end":{"line":35,"column":17}},"15":{"start":{"line":31,"column":20},"end":{"line":31,"column":66}},"16":{"start":{"line":34,"column":20},"end":{"line":34,"column":29}},"17":{"start":{"line":38,"column":16},"end":{"line":38,"column":25}},"18":{"start":{"line":40,"column":12},"end":{"line":50,"column":13}},"19":{"start":{"line":49,"column":16},"end":{"line":49,"column":250}},"20":{"start":{"line":52,"column":8},"end":{"line":52,"column":21}},"21":{"start":{"line":55,"column":27},"end":{"line":55,"column":41}},"22":{"start":{"line":56,"column":8},"end":{"line":80,"column":11}},"23":{"start":{"line":57,"column":12},"end":{"line":79,"column":15}},"24":{"start":{"line":59,"column":27},"end":{"line":59,"column":38}},"25":{"start":{"line":60,"column":31},"end":{"line":60,"column":42}},"26":{"start":{"line":61,"column":16},"end":{"line":64,"column":17}},"27":{"start":{"line":62,"column":20},"end":{"line":62,"column":105}},"28":{"start":{"line":63,"column":20},"end":{"line":63,"column":27}},"29":{"start":{"line":65,"column":16},"end":{"line":70,"column":19}},"30":{"start":{"line":67,"column":20},"end":{"line":69,"column":21}},"31":{"start":{"line":68,"column":24},"end":{"line":68,"column":59}},"32":{"start":{"line":71,"column":16},"end":{"line":74,"column":19}},"33":{"start":{"line":73,"column":20},"end":{"line":73,"column":63}},"34":{"start":{"line":77,"column":16},"end":{"line":77,"column":63}},"35":{"start":{"line":78,"column":16},"end":{"line":78,"column":23}},"36":{"start":{"line":83,"column":0},"end":{"line":83,"column":24}}},"fnMap":{"0":{"name":"(anonymous_0)","decl":{"start":{"line":8,"column":4},"end":{"line":8,"column":5}},"loc":{"start":{"line":8,"column":21},"end":{"line":14,"column":5}},"line":8},"1":{"name":"(anonymous_1)","decl":{"start":{"line":15,"column":4},"end":{"line":15,"column":5}},"loc":{"start":{"line":15,"column":23},"end":{"line":53,"column":5}},"line":15},"2":{"name":"(anonymous_2)","decl":{"start":{"line":54,"column":4},"end":{"line":54,"column":5}},"loc":{"start":{"line":54,"column":26},"end":{"line":81,"column":5}},"line":54},"3":{"name":"(anonymous_3)","decl":{"start":{"line":56,"column":27},"end":{"line":56,"column":28}},"loc":{"start":{"line":56,"column":48},"end":{"line":80,"column":9}},"line":56},"4":{"name":"(anonymous_4)","decl":{"start":{"line":58,"column":22},"end":{"line":58,"column":23}},"loc":{"start":{"line":58,"column":32},"end":{"line":75,"column":13}},"line":58},"5":{"name":"(anonymous_5)","decl":{"start":{"line":66,"column":29},"end":{"line":66,"column":30}},"loc":{"start":{"line":66,"column":42},"end":{"line":70,"column":17}},"line":66},"6":{"name":"(anonymous_6)","decl":{"start":{"line":72,"column":26},"end":{"line":72,"column":27}},"loc":{"start":{"line":72,"column":38},"end":{"line":74,"column":17}},"line":72},"7":{"name":"(anonymous_7)","decl":{"start":{"line":76,"column":23},"end":{"line":76,"column":24}},"loc":{"start":{"line":76,"column":32},"end":{"line":79,"column":13}},"line":76}},"branchMap":{"0":{"loc":{"start":{"line":26,"column":12},"end":{"line":39,"column":13}},"type":"if","locations":[{"start":{"line":26,"column":12},"end":{"line":39,"column":13}},{"start":{"line":26,"column":12},"end":{"line":39,"column":13}}],"line":26},"1":{"loc":{"start":{"line":29,"column":17},"end":{"line":39,"column":13}},"type":"if","locations":[{"start":{"line":29,"column":17},"end":{"line":39,"column":13}},{"start":{"line":29,"column":17},"end":{"line":39,"column":13}}],"line":29},"2":{"loc":{"start":{"line":29,"column":21},"end":{"line":29,"column":89}},"type":"binary-expr","locations":[{"start":{"line":29,"column":21},"end":{"line":29,"column":50}},{"start":{"line":29,"column":54},"end":{"line":29,"column":89}}],"line":29},"3":{"loc":{"start":{"line":30,"column":16},"end":{"line":35,"column":17}},"type":"if","locations":[{"start":{"line":30,"column":16},"end":{"line":35,"column":17}},{"start":{"line":30,"column":16},"end":{"line":35,"column":17}}],"line":30},"4":{"loc":{"start":{"line":40,"column":12},"end":{"line":50,"column":13}},"type":"if","locations":[{"start":{"line":40,"column":12},"end":{"line":50,"column":13}},{"start":{"line":40,"column":12},"end":{"line":50,"column":13}}],"line":40},"5":{"loc":{"start":{"line":40,"column":16},"end":{"line":48,"column":80}},"type":"binary-expr","locations":[{"start":{"line":40,"column":16},"end":{"line":40,"column":48}},{"start":{"line":40,"column":52},"end":{"line":40,"column":90}},{"start":{"line":41,"column":16},"end":{"line":41,"column":47}},{"start":{"line":41,"column":51},"end":{"line":41,"column":88}},{"start":{"line":42,"column":16},"end":{"line":42,"column":44}},{"start":{"line":42,"column":48},"end":{"line":42,"column":82}},{"start":{"line":43,"column":16},"end":{"line":43,"column":50}},{"start":{"line":43,"column":54},"end":{"line":43,"column":94}},{"start":{"line":44,"column":16},"end":{"line":44,"column":46}},{"start":{"line":44,"column":50},"end":{"line":44,"column":86}},{"start":{"line":45,"column":16},"end":{"line":45,"column":45}},{"start":{"line":45,"column":49},"end":{"line":45,"column":84}},{"start":{"line":46,"column":16},"end":{"line":46,"column":45}},{"start":{"line":46,"column":49},"end":{"line":46,"column":84}},{"start":{"line":47,"column":16},"end":{"line":47,"column":46}},{"start":{"line":47,"column":50},"end":{"line":47,"column":86}},{"start":{"line":48,"column":16},"end":{"line":48,"column":43}},{"start":{"line":48,"column":47},"end":{"line":48,"column":80}}],"line":40},"6":{"loc":{"start":{"line":61,"column":16},"end":{"line":64,"column":17}},"type":"if","locations":[{"start":{"line":61,"column":16},"end":{"line":64,"column":17}},{"start":{"line":61,"column":16},"end":{"line":64,"column":17}}],"line":61},"7":{"loc":{"start":{"line":67,"column":20},"end":{"line":69,"column":21}},"type":"if","locations":[{"start":{"line":67,"column":20},"end":{"line":69,"column":21}},{"start":{"line":67,"column":20},"end":{"line":69,"column":21}}],"line":67}},"s":{"0":1,"1":1,"2":1,"3":1,"4":1,"5":0,"6":0,"7":0,"8":0,"9":0,"10":0,"11":0,"12":0,"13":0,"14":0,"15":0,"16":0,"17":0,"18":0,"19":0,"20":0,"21":0,"22":0,"23":0,"24":0,"25":0,"26":0,"27":0,"28":0,"29":0,"30":0,"31":0,"32":0,"33":0,"34":0,"35":0,"36":1},"f":{"0":0,"1":0,"2":0,"3":0,"4":0,"5":0,"6":0,"7":0},"b":{"0":[0,0],"1":[0,0],"2":[0,0],"3":[0,0],"4":[0,0],"5":[0,0,0,0,0,0,0,0,0,0,0,0,0,0,0,0,0,0],"6":[0,0],"7":[0,0]},"inputSourceMap":{"version":3,"file":"Course.js","sourceRoot":"","sources":["Course.ts"],"names":[],"mappings":";;AAAA,uCAAkC;AAClC,qDAAkF;AAClF,+BAA+B;AAC/B,mDAA8C;AAE9C,MAAa,MAAO,SAAQ,iBAAO;IAExB,cAAc;QACjB,OAAO;YACH,EAAE,EAAE,IAAI,CAAC,EAAE;YACX,IAAI,EAAE,mCAAkB,CAAC,OAAO;YAChC,OAAO,EAAE,IAAI,CAAC,UAAU,CAAC,MAAM;SAAC,CAAC;IACzC,CAAC;IAEM,SAAS,CAAC,OAAe;QAC5B,IAAI,GAAQ,CAAC;QACb,MAAM,KAAK,GAAoB,EAAE,CAAC;QAClC,IAAI;YACA,GAAG,GAAG,IAAI,CAAC,KAAK,CAAC,OAAO,CAAC,CAAC;SAC7B;QAAC,OAAO,CAAC,EAAE;YAER,OAAO,KAAK,CAAC;SAChB;QACD,KAAK,MAAM,OAAO,IAAI,GAAG,CAAC,QAAQ,CAAC,EAAE;YACjC,IAAI,aAAqB,CAAC;YAC1B,IAAI,OAAO,CAAC,SAAS,CAAC,KAAK,SAAS,EAAE;gBAClC,aAAa,GAAG,IAAI,CAAC;aACxB;iBAAM,IAAI,OAAO,CAAC,MAAM,CAAC,KAAK,SAAS,IAAI,OAAO,OAAO,CAAC,MAAM,CAAC,KAAK,QAAQ,EAAE;gBAC7E,IAAI,CAAC,KAAK,CAAC,QAAQ,CAAC,OAAO,CAAC,MAAM,CAAC,EAAE,EAAE,CAAC,CAAC,E
[...]
art":{"line":205,"column":8},"end":{"line":212,"column":9}}],"line":205},"46":{"loc":{"start":{"line":205,"column":12},"end":{"line":208,"column":31}},"type":"binary-expr","locations":[{"start":{"line":205,"column":12},"end":{"line":205,"column":34}},{"start":{"line":206,"column":12},"end":{"line":206,"column":59}},{"start":{"line":207,"column":12},"end":{"line":207,"column":27}},{"start":{"line":208,"column":12},"end":{"line":208,"column":31}}],"line":205},"47":{"loc":{"start":{"line":213,"column":8},"end":{"line":220,"column":9}},"type":"if","locations":[{"start":{"line":213,"column":8},"end":{"line":220,"column":9}},{"start":{"line":213,"column":8},"end":{"line":220,"column":9}}],"line":213},"48":{"loc":{"start":{"line":213,"column":12},"end":{"line":213,"column":50}},"type":"binary-expr","locations":[{"start":{"line":213,"column":12},"end":{"line":213,"column":27}},{"start":{"line":213,"column":31},"end":{"line":213,"column":50}}],"line":213},"49":{"loc":{"start":{"line":216,"column":16},"end":{"line":218,"column":17}},"type":"if","locations":[{"start":{"line":216,"column":16},"end":{"line":218,"column":17}},{"start":{"line":216,"column":16},"end":{"line":218,"column":17}}],"line":216},"50":{"loc":{"start":{"line":231,"column":16},"end":{"line":234,"column":17}},"type":"if","locations":[{"start":{"line":231,"column":16},"end":{"line":234,"column":17}},{"start":{"line":231,"column":16},"end":{"line":234,"column":17}}],"line":231}},"s":{"0":1,"1":1,"2":1,"3":1,"4":1,"5":1,"6":1,"7":0,"8":0,"9":0,"10":0,"11":0,"12":0,"13":0,"14":0,"15":0,"16":0,"17":0,"18":0,"19":0,"20":0,"21":0,"22":0,"23":0,"24":0,"25":0,"26":0,"27":0,"28":0,"29":0,"30":0,"31":0,"32":0,"33":0,"34":0,"35":0,"36":0,"37":0,"38":0,"39":0,"40":0,"41":0,"42":0,"43":0,"44":0,"45":0,"46":0,"47":0,"48":0,"49":0,"50":0,"51":0,"52":0,"53":0,"54":0,"55":0,"56":0,"57":0,"58":0,"59":0,"60":0,"61":0,"62":0,"63":0,"64":0,"65":0,"66":0,"67":0,"68":0,"69":0,"70":0,"71":0,"72":0,"73":0,"74":0,"75":0,"76":0,"77":0,"78":0,"79":0,"80":0,"81":0,"82":0,"83":0,"84":0,"85":0,"86":0,"87":0,"88":0,"89":0,"90":0,"91":0,"92":0,"93":0,"94":0,"95":0,"96":0,"97":0,"98":0,"99":0,"100":0,"101":0,"102":0,"103":0,"104":0,"105":0,"106":0,"107":0,"108":0,"109":0,"110":0,"111":0,"112":0,"113":0,"114":0,"115":0,"116":0,"117":0,"118":0,"119":0,"120":0,"121":0,"122":0,"123":0,"124":0,"125":0,"126":0,"127":0,"128":0,"129":0,"130":0,"131":0,"132":0,"133":1},"f":{"0":0,"1":0,"2":0,"3":0,"4":0,"5":0,"6":0,"7":0,"8":0,"9":0,"10":0,"11":0,"12":0,"13":0,"14":0,"15":0,"16":0,"17":0,"18":0,"19":0,"20":0,"21":0,"22":0,"23":0,"24":0,"25":0,"26":0,"27":0,"28":0,"29":0},"b":{"0":[0,0],"1":[0,0,0,0],"2":[0,0],"3":[0,0],"4":[0,0],"5":[0,0],"6":[0,0],"7":[0,0,0,0,0],"8":[0,0],"9":[0,0],"10":[0,0],"11":[0,0],"12":[0,0],"13":[0,0],"14":[0,0],"15":[0,0],"16":[0,0],"17":[0,0],"18":[0,0],"19":[0,0],"20":[0,0],"21":[0,0],"22":[0,0],"23":[0,0],"24":[0,0],"25":[0,0],"26":[0,0],"27":[0,0],"28":[0,0],"29":[0,0],"30":[0,0],"31":[0,0],"32":[0,0,0],"33":[0,0],"34":[0,0],"35":[0,0],"36":[0,0],"37":[0,0],"38":[0,0,0],"39":[0,0],"40":[0,0],"41":[0,0],"42":[0,0],"43":[0,0,0,0,0,0,0,0,0,0],"44":[0,0],"45":[0,0],"46":[0,0,0,0],"47":[0,0],"48":[0,0],"49":[0,0],"50":[0,0]},"inputSourceMap":{"version":3,"file":"Room.js","sourceRoot":"","sources":["Room.ts"],"names":[],"mappings":";;AAAA,uCAAkC;AAClC,qDAAkF;AAClF,2CAAsC;AAEtC,+BAA+B;AAC/B,yCAAoC;AACpC,MAAM,MAAM,GAAG,OAAO,CAAC,QAAQ,CAAC,CAAC;AAEjC,MAAa,IAAK,SAAQ,iBAAO;IAEtB,cAAc;QACjB,OAAO;YACH,EAAE,EAAE,IAAI,CAAC,EAAE;YACX,IAAI,EAAE,mCAAkB,CAAC,KAAK;YAC9B,OAAO,EAAE,IAAI,CAAC,UAAU,CAAC,MAAM;SAAC,CAAC;IACzC,CAAC;IAEM,SAAS,CAAC,OAAe;QAC5B,IAAI,GAAQ,CAAC;QACb,MAAM,KAAK,GAAgB,EAAE,CAAC;QAE9B,OAAO,KAAK,CAAC;IACjB,CAAC;IAEO,OAAO,CAAC,IAAY;QACxB,OAAO,OAAO,CAAC,OAAO,CAAC,MAAM,CAAC,KAAK,CAAC,IAAI,CAAC,CAAC,CAAC;IAC/C,CAAC;IAGO,cAAc,CAAC,OAAY;QAC/B,IAAI,WAAW,GAAa,IAAI,KAAK,EAAE,CAAC;QACxC,IAAI,OAAO,CAAC,QAAQ,KAAK,GAAG;YACxB,OAAO,CAAC,KAAK,CAAC,CAAC,CAAC,CAAC,KAAK,CAAC,UAAU,CAAC,6CAA6C,CAAC;YAChF,OAAO,CAAC,UAAU,CAAC,MAAM,GAAG,CAAC;YAC7B,OAAO,CAAC,UAAU,CAAC,CAAC,CAAC,CAAC,KAAK,KAAK,WAAW,EAAE;YAC7C,WAAW,CAAC,IAAI,CAAC,OAAO,CAAC,KAAK,CAAC,CAAC,CAAC,CAAC,KAAK,CAAC,CAAC;YACzC,OAAO,WAAW,CAAC;SACtB;QACD,IAAI,OAAO,CAAC,UAAU,IAAI,OAAO,CAAC,UAAU,CAAC,MAAM,GAAG,CAAC,EAAE;YACrD,KAAK,IAAI,KAAK,IAAI,OAAO,CAAC,UAAU,EAAE;gBAClC,IAAI,kBAAkB,GAAG,IAAI,CAAC,cAAc,CAAC,KAAK,CAAC,CAAC;gBACpD,IAAI,kBAAkB,CAAC,MAAM,KAAK,CAAC,EAAG;oBAClC,WAAW,GAAG,WAAW,CAAC,MAAM,CAAC,kBAAkB,CAAC,CAAC;iBACxD;aACJ;SACJ;QACD,OAAO,WAAW,CAAC;IACvB,CAAC;IAEO,aAAa,CAAC,cAAmB,EAAE,IAAS,EAAE,UAAoB;QACtE,OAAO,IAAI,OAAO,CAAC,CAAC,OAAO,EAAE,MAAM,EAAE,EAAE;YACnC,IAAI,IAAI,GAAG,IAAI,KAAK,EAAE,CAAC;YACvB,IAAI,UAAU,GAAG,IAAI,KAAK,EAAE,CAAC;YAC7B,KAAK,IAAI,IAAI,IAAI,cAAc,EAAE;gBAC7B,IAAI,OAAO,GAAG,OAAO,CAAC,MAAM,CAAC,IAAI,CAAC,SAAS,CAAC,CAAC,CAAC,CAAC,CAAC;gBAChD,IAAI,CAAC,IAAI,CACL,IAAI,CAAC,IAAI,CAAC,OAAO,CAAC,CAAC,KAAK,CAAC,QAAQ,CAAC;qBAC7B,IAAI,CAAC,CAAC,IAAS,EAAE,EAAE;oBAChB,OAAO,IAAI,CAAC,OAAO,CAAC,IAAI,CAAC,CAAC;gBAC9B,CAAC,CAAC;qBACD,KAAK,CAAC,CAAC,GAAQ,EAAE,EAAE;oBAChB,OAAO;gBACX,CAAC,CAAC,CACT,CAAC;aACL;YACD,OAAO,CAAC,GAAG,CAAC,IAAI,CAAC;iBACZ,IAAI,CAAC,CAAC,OAAO,EAAE,EAAE;gBACd,IAAI,GAAG,GAAG,CAAC,CAAC;gBACZ,OAAO,CAAC,OAAO,CAAC,CAAC,MAAM,EAAE,EAAE;oBACvB,IAAI,QAAQ,GAAG,IAAI,CAAC,eAAe,CAAC,MAAM,EAAE,UAAU,CAAC,GAAG,CAAC,CAAC,CAAC;oBAC7D,IAAI,iBAAiB,GAAG,IAAI,CAAC,iBAAiB,CAAC,MAAM,EAAE,QAAQ,CAAC,CAAC;oBACjE,IAAI,iBAAiB,CAAC,MAAM,KAAK,CAAC,EAAE;wBAChC,UAAU,GAAG,UAAU,CAAC,MAAM,CAAC,iBAAiB,CAAC,CAAC;qBACrD;oBACD,GAAG,GAAG,GAAG,GAAG,CAAC,CAAC;gBAClB,CAAC,CAAC,CAAC;gBACH,OAAO,OAAO,CAAC,UAAU,CAAC,CAAC;YAC/B,CAAC,CAAC;iBACD,KAAK,CAAC,CAAC,GAAG,EAAE,EAAE;gBACX,MAAM,CAAC,IAAI,6BAAY,CAAC,GAAG,CAAC,CAAC,CAAC;YAClC,CAAC,CAAC,CAAC;QACX,CAAC,CAAC,CAAC;IACP,CAAC;IAEO,cAAc,CAAC,UAAkB,EAAE,KAAa,EACjC,IAAY,EAAE,SAAiB,EAAE,IAAY;QAChE,IAAI,UAAU,KAAK,SAAS,IAAI,KAAK,KAAK,SAAS;YAC/C,IAAI,KAAK,SAAS,IAAI,SAAS,KAAK,SAAS,IAAI,IAAI,KAAK,SAAS,EAAE;YACrE,OAAO,IAAI,CAAC;SACf;QACD,OAAO,KAAK,CAAC;IACjB,CAAC;IAEO,cAAc,CAAE,IAAS,EAAE,QAAkB;QACjD,IAAI,IAAI,CAAC,UAAU,IAAI,IAAI,CAAC,UAAU,CAAC,MAAM,GAAG,CAAC,EAAE;YAC/C,IAAI,UAAkB,CAAC;YACvB,IAAI,KAAa,CAAC;YAClB,IAAI,IAAY,CAAC;YACjB,IAAI,SAAiB,CAAC;YACtB,IAAI,IAAY,CAAC;YACjB,KAAK,IAAI,KAAK,IAAI,IAAI,CAAC,UAAU,EAAE;gBAC/B,IAAI,KAAK,CAAC,QAAQ,KAAK,IAAI,EAAE;oBACzB,IAAI,KAAK,CAAC,KAAK,CAAC,CAAC,CAAC,CAAC,KAAK,CAAC,KAAK,CAAC,GAAG,CAAC,CAAC,GAAG,EAAE,KAAK,QAAQ,EAAE;wBACpD,IAAI,KAAK,CAAC,UAAU,IAAI,KAAK,CAAC,UAAU,CAAC,MAAM,GAAG,CAAC,EAAE;4BACjD,KAAK,IAAI,MAAM,IAAI,KAAK,CAAC,UAAU,EAAE;gCACjC,IAAI,MAAM,CAAC,QAAQ,KAAK,GAAG,EAAE;oCACzB,IAAI,GAAG,MAAM,CAAC,KAAK,CAAC,CAAC,CAAC,CAAC,KAAK,CAAC,IAAI,EAAE,CAAC;oCACpC,IAAI,MAAM,CAAC,UAAU,IAAI,MAAM,CAAC,UAAU,CAAE,MAAM,GAAG,CAAC,EAAE;wCACpD,UAAU,GAAG,MAAM,CAAC,UAAU,CAAC,CAAC,CAAC,CAAC,KAAK,CAAC,IAAI,EAAE,CAAC;qCAClD;iCACJ;6BACJ;yBACJ;qBACJ;oBACD,IAAI,KAAK,CAAC,KAAK,CAAC,CAAC,CAAC,CAAC,KAAK,CAAC,KAAK,CAAC,GAAG,CAAC,CAAC,GAAG,EAAE,KAAK,UAAU,EAAE;wBACtD,IAAI,KAAK,CAAC,UAAU,IAAI,KAAK,CAAC,UAAU,CAAC,MAAM,GAAG,CAAC,EAAE;4BACjD,KAAK,GAAG,QAAQ,CAAC,KAAK,CAAC,UAAU,CAAC,CAAC,CAAC,CAAC,KAAK,EAAE,EAAE,CAAC,CAAC;yBACnD;qBACJ;oBACD,IAAI,KAAK,CAAC,KAAK,CAAC,CAAC,CAAC,CAAC,KAAK,CAAC,KAAK,CAAC,GAAG,CAAC,CAAC,GAAG,EAAE,KAAK,WAAW,EAAE;wBACvD,IAAI,KAAK,CAAC,UAAU,IAAI,KAAK,CAAC,UAAU,CAAC,MAAM,GAAG,CAAC,EAAE;4BACjD,SAAS,GAAG,KAAK,CAAC,UAAU,CAAC,CAAC,CAAC,CAAC,KAAK,CAAC,IAAI,EAAE,CAAC;yBAChD;qBACJ;oBACD,IAAI,KAAK,CAAC,KAAK,CAAC,CAAC,CAAC,CAAC,KAAK,CAAC,KAAK,CAAC,GAAG,CAAC,CAAC,GAAG,EAAE,KAAK,MAAM,EAAE;wBAClD,IAAI,KAAK,CAAC,UAAU,IAAI,KAAK,CAAC,UAAU,CAAC,MAAM,GAAG,CAAC,EAAE;4BACjD,IAAI,GAAG,KAAK,CAAC,UAAU,CAAC,CAAC,CAAC,CAAC,KAAK,CAAC,IAAI,EAAE,CAAC;yBAC3C;qBACJ;iBACJ;aACJ;YACD,IAAI,IAAI,CAAC,cAAc,CAAC,UAAU,EAAE,KAAK,EAAE,IAAI,EAAE,SAAS,EAAE,IAAI,CAAC,EAAE;gBAC/D,OAAO,IAAI,qBAAS,CAAC,QAAQ,EAAE,UAAU,EAAE,KAAK,EAAE,IAAI,EAAE,SAAS,EAAE,IAAI,CAAC,CAAC;aAC5E;SACJ;QACD,OAAO,CAAC,CAAC,CAAC;IACd,CAAC;IAEO,eAAe,CAAE,IAAS,EAAE,QAAkB;QAClD,IAAI,UAAU,GAAG,IAAI,KAAK,EAAE,CAAC;QAC7B,IAAI,IAAI,CAAC,UAAU,IAAI,IAAI,CAAC,UAAU,CAAC,MAAM,GAAG,CAAC,EAAE;YAC/C,KAAK,IAAI,KAAK,IAAI,IAAI,CAAC,UAAU,EAAE;gBAC/B,IAAI,KAAK,CAAC,QAAQ,KAAK,IAAI,EAAE;oBACzB,IAAI,SAAS,GAAG,IAAI,CAAC,cAAc,CAAC,KAAK,EAAE,QAAQ,CAAC,CAAC;oBACrD,IAAI,SAAS,KAAK,CAAC,CAAC,EAAE;wBAClB,UAAU,CAAC,IAAI,CAAC,SAAS,CAAC,CAAC;qBAC9B;iBACJ;aACJ;SACJ;QACD,OAAO,UAAU,CAAC;IACtB,CAAC;IAEO,iBAAiB,CAAE,IAAS,EAAE,QAAkB;QACpD,IAAI,IAAI,CAAC,QAAQ,KAAK,OAAO;YACzB,IAAI,CAAC,UAAU;YACf,IAAI,CAAC,UAAU,CAAC,MAAM,GAAG,CAAC,EAAE;YAC5B,KAAK,IAAI,KAAK,IAAI,IAAI,CAAC,UAAU,EAAE;gBAC/B,IAAI,KAAK,CAAC,QAAQ,KAAK,OAAO,EAAE;oBAC5B,OAAO,IAAI,CAAC,eAAe,CAAC,KAAK,EAAE,QAAQ,CAAC,CAAC;iBAChD;aACJ;SACJ;QACD,IAAI,IAAI,CAAC,UAAU;YACf,IAAI,CAAC,UAAU,CAAC,MAAM,GAAG,CAAC,EAAE;YAC5B,KAAK,IAAI,KAAK,IAAI,IAAI,CAAC,UAAU,EAAE;gBAC/B,IAAI,kBAAkB,GAAG,IAAI,CAAC,iBAAiB,CAAC,KAAK,EAAE,QAAQ,CAAC,CAAC;gBACjE,IAAI,kBAAkB,CAAC,MAAM,KAAK,CAAC,EAAE;oBACjC,OAAO,kBAAkB,CAAC;iBAC7B;aACJ;SACJ;QACD,OAAO,EAAE,CAAC;IACd,CAAC;IAEO,eAAe,CAAE,IAAS,EAAE,iBAAyB;QACzD,IAAI,IAAI,CAAC,QAAQ,KAAK,KAAK;YACvB,IAAI,CAAC,KAAK,CAAC,CAAC,CAAC,CAAC,IAAI,KAAK,IAAI;YAC3B,IAAI,CAAC,KAAK,CAAC,CAAC,CAAC,CAAC,KAAK,KAAK,eAAe,EAAE;YACzC,OAAO,IAAI,CAAC,aAAa,CAAC,IAAI,EAAE,iBAAiB,CAAC,CAAC;SACtD;QACD,IAAI,IAAI,CAAC,UAAU,IAAI,IAAI,CAAC,UAAU,CAAC,MAAM,GAAG,CAAC,EAAE;YAC/C,KAAK,IAAI,KAAK,IAAI,IAAI,CAAC,UAAU,EAAE;gBAC/B,IAAI,gBAAgB,GAAG,IAAI,CAAC,eAAe,CAAC,KAAK,EAAE,iBAAiB,CAAC,CAAC;gBACtE,IAAI,gBAAgB,KAAK,CAAC,CAAC,EAAG;oBAC1B,OAAO,gBAAgB,CAAC;iBAC3B;aACJ;SACJ;QACD,OAAO,CAAC,CAAC,CAAC;IACd,CAAC;IAEO,eAAe,CAAE,QAAa;QAClC,IAAI,QAAQ,CAAC,UAAU;eAChB,QAAQ,CAAC,UAAU,CAAC,MAAM,GAAG,CAAC;YACjC,QAAQ,CAAC,UAAU,CAAC,CAAC,CAAC,CAAC,UAAU;YACjC,QAAQ,CAAC,UAAU,CAAC,CAAC,CAAC,CAAC,UAAU,CAAC,MAAM,GAAG,CAAC;YAC5C,QAAQ,CAAC,UAAU,CAAC,CAAC,CAAC,CAAC,UAAU,CAAC,CAAC,CAAC,CAAC,UAAU;YAC/C,QAAQ,CAAC,UAAU,CAAC,CAAC,CAAC,CAAC,UAAU,CAAC,CAAC,CAAC,CAAC,UAAU,CAAC,MAAM,GAAG,CAAC;YAC1D,QAAQ,CAAC,UAAU,CAAC,CAAC,CAAC,CAAC,UAAU;YACjC,QAAQ,CAAC,UAAU,CAAC,CAAC,CAAC,CAAC,UAAU,CAAC,MAAM,GAAG,CAAC;YAC5C,QAAQ,CAAC,UAAU,CAAC,CAAC,CAAC,CAAC,UAAU,CAAC,CAAC,CAAC,CAAC,UAAU;YAC/C,QAAQ,CAAC,UAAU,CAAC,CAAC,CAAC,CAAC,UAAU,CAAC,CAAC,CAAC,CAAC,UAAU,CAAC,MAAM,GAAG,CAAC,EAAE;YAC5D,OAAO,IAAI,CAAC;SACf;aAAM;YACH,OAAO,KAAK,CAAC;SAChB;IACL,CAAC;IAEO,aAAa,CAAE,QAAa,EAAE,iBAAyB;QAC3D,IAAI,IAAI,CAAC,eAAe,CAAC,QAAQ,CAAC,EAAE;YAChC,IAAI,QAAQ,GAAG,QAAQ,CAAC,UAAU,CAAC,CAAC,CAAC,CAAC,UAAU,CAAC,CAAC,CAAC,CAAC,UAAU,CAAC,CAAC,CAAC,CAAC,KAAK,CAAC;YACxE,IAAI,OAAO,GAAG,QAAQ,CAAC,UAAU,CAAC,CAAC,CAAC,CAAC,UAAU,CAAC,CAAC,CAAC,CAAC,UAAU,CAAC,CAAC,CAAC,CAAC,KAAK,CAAC;YAEvE,OAAO,IAAI,mBAAQ,CAAC,OAAO,EAAE,iBAAiB,EAAE,QAAQ,EAAE,IAAI,CAAC,CAAC;SACnE;QACD,OAAO,CAAC,CAAC,CAAC;IACd,CAAC;IAEO,aAAa,CAAC,IAAS;QAC3B,IAAI,UAAU,GAAa,IAAI,KAAK,EAAE,CAAC;QACvC,IAAI,IAAI,CAAC,QAAQ,KAAK,IAAI;YACtB,IAAI,CAAC,KAAK,CAAC,CAAC,CAAC,CAAC,KAAK,CAAC,KAAK,CAAC,GAAG,CAAC,CAAC,GAAG,EAAE,KAAK,MAAM;YAC/C,IAAI,CAAC,UAAU;YACf,IAAI,CAAC,UAAU,GAAG,CAAC,EACrB;YACE,IAAI,SAAS,GAAW,IAAI,CAAC,UAAU,CAAC,CAAC,CAAC,CAAC,KAAK,CAAC,IAAI,EAAE,CAAC;YACxD,UAAU,CAAC,IAAI,CAAC,SAAS,CAAC,CAAC;YAC3B,OAAO,UAAU,CAAC;SACrB;QACD,IAAI,IAAI,CAAC,UAAU,IAAI,IAAI,CAAC,UAAU,GAAG,CAAC,EAAE;YACxC,KAAK,IAAI,KAAK,IAAI,IAAI,CAAC,UAAU,EAAE;gBAC/B,IAAI,kBAAkB,GAAG,IAAI,CAAC,aAAa,CAAC,KAAK,CAAC,CAAC;gBACnD,IAAI,kBAAkB,CAAC,MAAM,GAAG,CAAC,EAAE;oBAC/B,UAAU,GAAG,UAAU,CAAC,MAAM,CAAC,kBAAkB,CAAC,CAAC;iBACtD;aACJ;SACJ;QACD,OAAO,UAAU,CAAC;IACtB,CAAC;IAGM,YAAY,CAAC,OAAe;QAC/B,IAAI,YAAY,GAAW,YAAY,CAAC;QAExC,OAAO,IAAI,OAAO,CAAc,CAAC,OAAO,EAAE,MAAM,EAAE,EAAE;YAChD,KAAK,CAAC,SAAS,CAAC,OAAO,EAAE,EAAC,MAAM,EAAE,IAAI,EAAC,CAAC;iBACnC,IAAI,CAAC,CAAC,IAAI,EAAE,EAAE;gBACX,IAAI,IAAI,GAAG,IAAI,KAAK,EAAE,CAAC;gBACvB,IAAI,KAAK,GAAG,IAAI,KAAK,EAAE,CAAC;gBACxB,IAAI,KAAK,GAAG,IAAI,KAAK,EAAE,CAAC;gBAExB,IAAI,IAAI,CAAC,MAAM,CAAC,YAAY,CAAC,CAAC,MAAM,KAAK,CAAC,EAAE;oBACxC,MAAM,CAAC,IAAI,6BAAY,CAAC,uCAAuC,CAAC,CAAC,CAAC;oBAClE,OAAO;iBACV;gBACD,IAAI,IAAI,GAAW,iBAAiB,CAAC;gBACrC,IAAI,QAAQ,GAAG,IAAI,OAAO,CAAE,CAAC,QAAQ,EAAE,OAAO,EAAE,EAAE;oBAC9C,IAAI,CAAC,IAAI,CAAC,IAAI,CAAC,CAAC,KAAK,CAAC,QAAQ,CAAC;yBAC1B,IAAI,CAAC,CAAC,IAAS,EAAE,EAAE;wBAChB,OAAO,QAAQ,CAAC,IAAI,CAAC,OAAO,CAAC,IAAI,CAAC,CAAC,CAAC;oBACxC,CAAC,CAAC;yBACD,KAAK,CAAC,CAAC,GAAG,EAAE,EAAE;wBACX,OAAO,CAAC,IAAI,6BAAY,CAAC,GAAG,CAAC,CAAC,CAAC;oBACnC,CAAC,CAAC,CAAC;gBACX,CAAC,CAAC,CAAC;gBACH,QAAQ,CAAC,IAAI,CAAC,CAAC,MAAM,EAAE,EAAE;oBACrB,IAAI,UAAU,GAAa,IAAI,CAAC,aAAa,CAAC,MAAM,CAAC,CAAC;oBACtD,IAAI,cAAc,GAAa,IAAI,CAAC,cAAc,CAAC,MAAM,CAAC,CAAC;oBAC3D,KAAK,CAAC,IAAI,CAAC,IAAI,CAAC,aAAa,CAAC,cAAc,EAAE,IAAI,EAAE,UAAU,CAAC,CAAC,CAAC;oBACjE,OAAO,CAAC,GAAG,CAAC,KAAK,CAAC;yBACb,IAAI,CAAC,CAAC,QAAQ,EAAE,EAAE;wBACf,OAAO,CAAC,IAAI,CAAC,UAAU,CAAC,QAAQ,EAAE,KAAK,CAAC,CAAC,CAAC;oBAC9C,CAAC,CAAC,CAAC,KAAK,CAAC,CAAC,GAAG,EAAE,EAAE;wBACjB,MAAM,CAAE,IAAI,6BAAY,CAAC,GAAG,CAAC,CAAC,CAAC;oBACnC,CAAC,CAAC,CAAC;gBACP,CAAC,CAAC;qBACG,KAAK,CAAC,CAAC,GAAG,EAAE,EAAE;oBACX,MAAM,CAAC,IAAI,6BAAY,CAAC,GAAG,CAAC,CAAC,CAAC;gBAClC,CAAC,CAAC,CAAC;YACX,CAAC,CAAC;iBACD,KAAK,CAAC,CAAC,GAAG,EAAE,EAAE;gBACX,MAAM,CAAC,IAAI,6BAAY,CAAC,GAAG,CAAC,CAAC,CAAC;gBAC9B,OAAO;YACX,CAAC,CAAC,CAAC;QACX,CAAC,CAAC,CAAC;IACP,CAAC;CACJ;AAvRD,oBAuRC"},"_coverageSchema":"1a1c01bbd47fc00a2c39e90264f33305004495a9","hash":"85aef25ab71eb3cb7cf2e27c20c79acb2e2f1a51","contentHash":"93b62da04d7fa3efed228c988417d67d197dae17ab708bbf5a7dbd204008dc24"},"/Users/burcugorgulicten/Desktop/project_team213/src/controller/Classroom.js":{"path":"/Users/burcugorgulicten/Desktop/project_team213/src/controller/Classroom.js","statementMap":{"0":{"start":{"line":2,"column":0},"end":{"line":2,"column":62}},"1":{"start":{"line":5,"column":8},"end":{"line":5,"column":33}},"2":{"start":{"line":6,"column":8},"end":{"line":6,"column":38}},"3":{"start":{"line":7,"column":8},"end":{"line":7,"column":27}},"4":{"start":{"line":8,"column":8},"end":{"line":8,"column":25}},"5":{"start":{"line":9,"column":8},"end":{"line":9,"column":35}},"6":{"start":{"line":10,"column":8},"end":{"line":10,"column":25}},"7":{"start":{"line":13,"column":8},"end":{"line":13,"column":63}},"8":{"start":{"line":16,"column":0},"end":{"line":16,"column":30}}},"fnMap":{"0":{"name":"(anonymous_0)","decl":{"start":{"line":4,"column":4},"end":{"line":4,"column":5}},"loc":{"start":{"line":4,"column":69},"end":{"line":11,"column":5}},"line":4},"1":{"name":"(anonymous_1)","decl":{"start":{"line":12,"column":4},"end":{"line":12,"column":5}},"loc":{"start":{"line":12,"column":11},"end":{"line":14,"column":5}},"line":12}},"branchMap":{},"s":{"0":1,"1":0,"2":0,"3":0,"4":0,"5":0,"6":0,"7":0,"8":1},"f":{"0":0,"1":0},"b":{},"inputSourceMap":{"version":3,"file":"Classroom.js","sourceRoot":"","sources":["Classroom.ts"],"names":[],"mappings":";;AAEA,MAAa,SAAS;IAQlB,YAAY,QAAkB,EAAE,WAAmB,EAAE,KAAa,EACtD,IAAY,EAAE,SAAiB,EAAE,IAAY;QACrD,IAAI,CAAC,QAAQ,GAAG,QAAQ,CAAC;QACzB,IAAI,CAAC,UAAU,GAAG,WAAW,CAAC;QAC9B,IAAI,CAAC,KAAK,GAAG,KAAK,CAAC;QACnB,IAAI,CAAC,IAAI,GAAG,IAAI,CAAC;QACjB,IAAI,CAAC,SAAS,GAAG,SAAS,CAAC;QAC3B,IAAI,CAAC,IAAI,GAAG,IAAI,CAAC;IACrB,CAAC;IAEM,IAAI;QACP,OAAO,IAAI,CAAC,QAAQ,CAAC,SAAS,GAAG,GAAG,GAAG,IAAI,CAAC,UAAU,CAAC;IAC3D,CAAC;CACJ;AArBD,8BAqBC"},"_coverageSchema":"1a1c01bbd47fc00a2c39e90264f33305004495a9","hash":"108c6a8da11fc819caf72cf5e62fb45f1a563775","contentHash":"8f6ba3ee97c6f02a707b9ce0a0db7f80d6a27308baf6488d6edd83d3d497631f"},"/Users/burcugorgulicten/Desktop/project_team213/src/controller/Building.js":{"path":"/Users/burcugorgulicten/Desktop/project_team213/src/controller/Building.js","statementMap":{"0":{"start":{"line":2,"column":0},"end":{"line":2,"column":62}},"1":{"start":{"line":5,"column":8},"end":{"line":5,"column":31}},"2":{"start":{"line":6,"column":8},"end":{"line":6,"column":35}},"3":{"start":{"line":7,"column":8},"end":{"line":7,"column":33}},"4":{"start":{"line":8,"column":8},"end":{"line":8,"column":35}},"5":{"start":{"line":11,"column":0},"end":{"line":11,"column":28}},"6":{"start":{"line":14,"column":8},"end":{"line":14,"column":23}},"7":{"start":{"line":15,"column":8},"end":{"line":15,"column":23}},"8":{"start":{"line":20,"column":8},"end":{"line":20,"column":25}},"9":{"start":{"line":23,"column":0},"end":{"line":23,"column":42}}},"fnMap":{"0":{"name":"(anonymous_0)","decl":{"start":{"line":4,"column":4},"end":{"line":4,"column":5}},"loc":{"start":{"line":4,"column":57},"end":{"line":9,"column":5}},"line":4},"1":{"name":"(anonymous_1)","decl":{"start":{"line":13,"column":4},"end":{"line":13,"column":5}},"loc":{"start":{"line":13,"column":26},"end":{"line":16,"column":5}},"line":13},"2":{"name":"(anonymous_2)","decl":{"start":{"line":19,"column":4},"end":{"line":19,"column":5}},"loc":{"start":{"line":19,"column":28},"end":{"line":21,"column":5}},"line":19}},"branchMap":{},"s":{"0":1,"1":0,"2":0,"3":0,"4":0,"5":1,"6":0,"7":0,"8":0,"9":1},"f":{"0":0,"1":0,"2":0},"b":{},"inputSourceMap":{"version":3,"file":"Building.js","sourceRoot":"","sources":["Building.ts"],"names":[],"mappings":";;AAAA,MAAa,QAAQ;IAMjB,YAAY,OAAe,EAAE,SAAiB,EAAE,QAAgB,EAAE,SAAsB;QACpF,IAAI,CAAC,OAAO,GAAG,OAAO,CAAC;QACvB,IAAI,CAAC,SAAS,GAAG,SAAS,CAAC;QAC3B,IAAI,CAAC,QAAQ,GAAG,QAAQ,CAAC;QACzB,IAAI,CAAC,SAAS,GAAG,SAAS,CAAC;IAC/B,CAAC;CACJ;AAZD,4BAYC;AAED,MAAM,WAAW;IAIb,YAAY,GAAW,EAAE,GAAW;QAChC,IAAI,CAAC,GAAG,GAAG,GAAG,CAAC;QACf,IAAI,CAAC,GAAG,GAAG,GAAG,CAAC;IACnB,CAAC;CACJ;AAED,MAAa,eAAe;IAChB,cAAc,CAAC,OAAe;QAClC,OAAO,SAAS,CAAC;IACrB,CAAC;CACJ;AAJD,0CAIC"},"_coverageSchema":"1a1c01bbd47fc00a2c39e90264f33305004495a9","hash":"4860442a2b2b84c5adfd7e5bb6d740c937ecf108","contentHash":"d99304982759eba50624325950e5bd68f445cc89bc9ff4fde926ecbc77b2256d"},"/Users/burcugorgulicten/Desktop/project_team213/src/Util.js":{"path":"/Users/burcugorgulicten/Desktop/project_team213/src/Util.js","statementMap":{"0":{"start":{"line":2,"column":0},"end":{"line":2,"column":62}},"1":{"start":{"line":5,"column":8},"end":{"line":5,"column":67}},"2":{"start":{"line":8,"column":8},"end":{"line":8,"column":68}},"3":{"start":{"line":11,"column":8},"end":{"line":11,"column":68}},"4":{"start":{"line":14,"column":8},"end":{"line":14,"column":69}},"5":{"start":{"line":17,"column":8},"end":{"line":17,"column":67}},"6":{"start":{"line":20,"column":0},"end":{"line":20,"column":22}}},"fnMap":{"0":{"name":"(anonymous_0)","decl":{"start":{"line":4,"column":4},"end":{"line":4,"column":5}},"loc":{"start":{"line":4,"column":25},"end":{"line":6,"column":5}},"line":4},"1":{"name":"(anonymous_1)","decl":{"start":{"line":7,"column":4},"end":{"line":7,"column":5}},"loc":{"start":{"line":7,"column":24},"end":{"line":9,"column":5}},"line":7},"2":{"name":"(anonymous_2)","decl":{"start":{"line":10,"column":4},"end":{"line":10,"column":5}},"loc":{"start":{"line":10,"column":24},"end":{"line":12,"column":5}},"line":10},"3":{"name":"(anonymous_3)","decl":{"start":{"line":13,"column":4},"end":{"line":13,"column":5}},"loc":{"start":{"line":13,"column":25},"end":{"line":15,"column":5}},"line":13},"4":{"name":"(anonymous_4)","decl":{"start":{"line":16,"column":4},"end":{"line":16,"column":5}},"loc":{"start":{"line":16,"column":24},"end":{"line":18,"column":5}},"line":16}},"branchMap":{},"s":{"0":1,"1":0,"2":0,"3":0,"4":0,"5":0,"6":1},"f":{"0":0,"1":0,"2":0,"3":0,"4":0},"b":{},"inputSourceMap":{"version":3,"file":"Util.js","sourceRoot":"","sources":["Util.ts"],"names":[],"mappings":";;AAGA,MAAqB,GAAG;IACb,MAAM,CAAC,KAAK,CAAC,GAAG,GAAU;QAC7B,OAAO,CAAC,GAAG,CAAC,OAAO,IAAI,IAAI,EAAE,CAAC,cAAc,EAAE,GAAG,EAAE,GAAG,GAAG,CAAC,CAAC;IAC/D,CAAC;IAEM,MAAM,CAAC,IAAI,CAAC,GAAG,GAAU;QAC5B,OAAO,CAAC,IAAI,CAAC,OAAO,IAAI,IAAI,EAAE,CAAC,cAAc,EAAE,GAAG,EAAE,GAAG,GAAG,CAAC,CAAC;IAChE,CAAC;IAEM,MAAM,CAAC,IAAI,CAAC,GAAG,GAAU;QAC5B,OAAO,CAAC,IAAI,CAAC,OAAO,IAAI,IAAI,EAAE,CAAC,cAAc,EAAE,GAAG,EAAE,GAAG,GAAG,CAAC,CAAC;IAChE,CAAC;IAEM,MAAM,CAAC,KAAK,CAAC,GAAG,GAAU;QAC7B,OAAO,CAAC,KAAK,CAAC,OAAO,IAAI,IAAI,EAAE,CAAC,cAAc,EAAE,GAAG,EAAE,GAAG,GAAG,CAAC,CAAC;IACjE,CAAC;IAEM,MAAM,CAAC,IAAI,CAAC,GAAG,GAAU;QAC5B,OAAO,CAAC,GAAG,CAAC,OAAO,IAAI,IAAI,EAAE,CAAC,cAAc,EAAE,GAAG,EAAE,GAAG,GAAG,CAAC,CAAC;IAC/D,CAAC;CACJ;AApBD,sBAoBC"},"_coverageSchema":"1a1c01bbd47fc00a2c39e90264f33305004495a9","hash":"e43454602b363b6b99e8baf2c0dbc246db2f8ff7","contentHash":"7f27f8a077f2c70a6465fd5f834da89f052c3366d68d513000ac88d4615452e4"}}